
 frequency_dependence   0

 band_index     1     8
 sigma_matrix     0   0

 finite_difference_form  -2

 symmetries
 ntran  =  1
 mtrx01 =  1  0  0  0  1  0  0  0  1

       k =  0.000000  0.000000  0.000000 ik =   1 spin = 1

   n         Emf          Eo           X        SX-X          CH         Sig         Vxc        Eqp0        Eqp1         CH`        Sig`       Eqp0`       Eqp1`         Znk
   1   -5.636403   -5.636403  -17.549891   11.876100   -7.446493  -13.120283  -10.503153   -8.253534   -8.253534   -6.627566  -12.301357   -7.434607   -7.434607    1.000000
   2    6.473557    6.473557  -12.974982    8.032722   -7.760151  -12.702411  -11.369421    5.140567    5.140567   -5.100282  -10.042541    7.800436    7.800436    1.000000
   3    6.473559    6.473559  -12.974862    8.031490   -7.759962  -12.703334  -11.369420    5.139646    5.139646   -5.100231  -10.043602    7.799377    7.799377    1.000000
   4    6.473560    6.473560  -12.975175    8.032876   -7.760196  -12.702495  -11.369420    5.140486    5.140486   -5.100378  -10.042676    7.800304    7.800304    1.000000
   5    9.026314    9.026314   -5.765656    2.912755   -7.337084  -10.189985  -10.061253    8.897581    8.897581   -4.747442   -7.600344   11.487223   11.487223    1.000000
   6    9.026314    9.026314   -5.765350    2.908612   -7.335680  -10.192417  -10.061252    8.895149    8.895149   -4.746013   -7.602750   11.484817   11.484817    1.000000
   7    9.026315    9.026315   -5.765295    2.911664   -7.336539  -10.190170  -10.061252    8.897398    8.897398   -4.747142   -7.600773   11.486794   11.486794    1.000000
   8   10.004354   10.004354   -5.831138    2.682714   -7.832629  -10.981054  -10.941357    9.964657    9.964657   -4.758280   -7.906705   13.039006   13.039006    1.000000

       k =  0.500000  0.500000  0.000000 ik =  41 spin = 1

   n         Emf          Eo           X        SX-X          CH         Sig         Vxc        Eqp0        Eqp1         CH`        Sig`       Eqp0`       Eqp1`         Znk
   1   -1.422275   -1.422275  -16.038814   10.675059   -7.625683  -12.989437  -10.892167   -3.519545   -3.519545   -6.303750  -11.667504   -2.197612   -2.197612    1.000000
   2   -1.422273   -1.422273  -16.038828   10.676285   -7.625579  -12.988123  -10.892166   -3.518229   -3.518229   -6.303512  -11.666055   -2.196161   -2.196161    1.000000
   3    3.560506    3.560506  -13.417547    8.719605   -7.478808  -12.176751  -10.629385    2.013140    2.013140   -5.571740  -10.269682    3.920209    3.920209    1.000000
   4    3.560507    3.560507  -13.417630    8.720610   -7.479554  -12.176573  -10.629384    2.013318    2.013318   -5.571973  -10.268992    3.920899    3.920899    1.000000
   5    7.119475    7.119475   -5.196011    2.587841   -6.794993   -9.403163   -9.007626    6.723937    6.723937   -4.701731   -7.309901    8.817199    8.817199    1.000000
   6    7.119476    7.119476   -5.196580    2.587803   -6.795081   -9.403858   -9.007625    6.723243    6.723243   -4.701223   -7.310000    8.817102    8.817102    1.000000
   7   16.729006   16.729006   -3.789603    1.329461   -7.675370  -10.135512  -10.569864   17.163358   17.163358   -3.460579   -5.920721   21.378149   21.378149    1.000000
   8   16.729006   16.729006   -3.789615    1.330453   -7.677040  -10.136202  -10.569863   17.162668   17.162668   -3.461966   -5.921127   21.377742   21.377742    1.000000

       k =  0.000000  0.500000  0.000000 ik =   9 spin = 1

   n         Emf          Eo           X        SX-X          CH         Sig         Vxc        Eqp0        Eqp1         CH`        Sig`       Eqp0`       Eqp1`         Znk
   1   -3.256215   -3.256215  -16.918930   11.329193   -7.629263  -13.218999  -10.897824   -5.577390   -5.577390   -6.494984  -12.084721   -4.443111   -4.443111    1.000000
   2   -0.604864   -0.604864  -14.908716   10.014976   -7.315538  -12.209278  -10.226800   -2.587342   -2.587342   -6.068944  -10.962684   -1.340748   -1.340748    1.000000
   3    5.252748    5.252748  -13.204627    8.367163   -7.677161  -12.514624  -11.105708    3.843831    3.843831   -5.408200  -10.245663    6.112793    6.112793    1.000000
   4    5.252750    5.252750  -13.204428    8.366575   -7.676835  -12.514687  -11.105707    3.843770    3.843770   -5.407618  -10.245471    6.112986    6.112986    1.000000
   5    8.045668    8.045668   -5.934387    2.873037   -7.355917  -10.417267  -10.131841    7.760242    7.760242   -4.917777   -7.979127   10.198382   10.198382    1.000000
   6    9.785110    9.785110   -5.081656    2.426787   -7.121128   -9.775997   -9.683775    9.692888    9.692888   -4.287353   -6.942222   12.526663   12.526663    1.000000
   7    9.785112    9.785112   -5.081674    2.428195   -7.121217   -9.774696   -9.683760    9.694176    9.694176   -4.287594   -6.941073   12.527799   12.527799    1.000000
   8   14.194057   14.194057   -2.406328    0.739751   -6.230966   -7.897543   -7.739053   14.035567   14.035567   -2.975264   -4.641841   17.291269   17.291269    1.000000


================================================================================

    n = band index.
  Emf = "inner" mean-field energy eigenvalue used to construct Sigma(E),
        read from WFN_inner.
   Eo = "outer" mean-field energy eigenvalue where we center the evaluation
        frequency grid {E} of Sigma(E). Defaults to Emf, unless
        you use WFN_outer and eqp_outer.dat / scissors_outer.
  Vxc = exchange-correlation pot., calculated from VXC or read from vxc.dat.
  KIH = Kinetic energy + Ionic potential + Hartree, read from kih.dat.
    X = bare exchange.
   SX = screened exchange contrib. to Sigma(E) at energy E=Eo
   CH = Coulomb hole contrib. to Sigma(E) at energy E=Eo
  Cor = SX-X + CH = correlation portion of Sigma(E) at energy E=Eo.
  Sig = X + Cor = self energy, Sigma(E), at energy E=Eo.
 Eqp0 = on-shell QP energy = Emf - Vxc + Sig(Eo)
        Eqp0 is *not* the recommended quantity to use for QP properties.
 Eqp1 = off-shell solution to the linearized  Dyson`s equation
      = Eqp0 + (dSig/dE) / (1 - dSig/dE) * (Eqp0 - Eo),
        or a full linear interpolation if more freq. points where computed.
        Eqp1 is the recommended quantity to use for QP properties.
  Znk = quasiparticle renormalization factor

 General notes:
 - All energies are reported here in eV.
 - Both Emf and Vxc contain the average pot. Vxc0, so Vxc0 doesn`t affect Sigma.
 - Eqp1 and Eqp0 are Eqs. (36-37) from Hybertsen & Louie PRB 34 5390.
 - We recommend you use Eqp1 for QP properties of materials.

================================================================================

