Quantum MASALA
 - Project Git Info:
    - Commit hash:          6cf3f410909f331c1b9748a0262561d5dc1b194e
    - Commit date and time: Monday, 21 October, 2024 12:06:29
=========================================
SCF Parameters:

dftcomm         = DFTCommMod(image_comm.size=1, n_kgrp=1, n_bgrp=1, pwgrp_size=None)
crystal         = Crystal(
    reallat=Lattice parameter 'alat' :   10.20000  a.u.
Unit cell volume         :  265.30200  (a.u.)^3
Number of atoms/cell     : 1
Number of atomic types   : 1
Number of electrons      : 16

Crystal Axes: coordinates in units of 'alat' (10.20000 a.u.)
    a(1) = (-0.50000,  0.00000,  0.50000)
    a(2) = ( 0.00000,  0.50000,  0.50000)
    a(3) = (-0.50000,  0.50000,  0.00000)

Reciprocal Axes: coordinates in units of 'tpiba' (0.61600 (a.u.)^-1)
    b(1) = (-1.00000, -1.00000,  1.00000)
    b(2) = ( 1.00000,  1.00000,  1.00000)
    b(3) = (-1.00000,  1.00000, -1.00000), 
    l_atoms=[
    	BasisAtoms(
    	  label='Si', 
    	  ppdata.filename=Si_ONCV_PBE-1.2.upf, 
    	  ppdata.md5_checksum=7f029a58b69e3aa87b46a36c608bf45e, 
    	  mass=28.086, 
    	  r_cryst=
    	    [-0.875,  2.625, -0.875],
    	    [-0.125,  0.375, -0.125],
    	  )
    	])
grho            = GSpace(crystal.recilat, ecut_rho=50.0, grid_shape=(24, 24, 24))
grho.num_g      = 4477
gwfn            = GSpace(crystal.recilat, ecut_wfn=50.0, grid_shape=(24, 24, 24))
gwfn.num_g      = 4477
numbnd          = 4
is_spin         = False
is_noncolin     = False
symm_rho        = True
rho_start       = <qtm.containers.field.get_FieldG.<locals>.FieldG object at 0x7f97f1453010>
wfn_init        = None
libxc_func      = None
occ_typ         = fixed
smear_typ       = gauss
e_temp          = 0.001 # Ha
conv_thr        = 5e-09 # Ha
maxiter         = 100
diago_thr_init  = 0.005
mix_beta        = 0.7
mix_dim         = 8
ret_vxc         = True
dftconfig       = DFTConfig(
                      symm_check_supercell = True,
                      symm_use_all_frac = False,
                      spglib_symprec = 1e-05,
                      eigsolve_method = 'davidson',
                      davidson_maxiter = 20,
                      davidson_numwork = 2,
                      mixing_method = 'modbroyden')
iter_printer    = print_scf_status
kpts            =
    kpt[0]  kpt[1]  kpt[2];  weight
     0.0000  0.0000  0.0000; 0.015625
     0.0000  0.0000  0.2500; 0.015625
     0.0000  0.0000  0.5000; 0.015625
     0.0000  0.0000  0.7500; 0.015625
     0.0000  0.2500  0.0000; 0.015625
     0.0000  0.2500  0.2500; 0.015625
     0.0000  0.2500  0.5000; 0.015625
     0.0000  0.2500  0.7500; 0.015625
     0.0000  0.5000  0.0000; 0.015625
     0.0000  0.5000  0.2500; 0.015625
     0.0000  0.5000  0.5000; 0.015625
     0.0000  0.5000  0.7500; 0.015625
     0.0000  0.7500  0.0000; 0.015625
     0.0000  0.7500  0.2500; 0.015625
     0.0000  0.7500  0.5000; 0.015625
     0.0000  0.7500  0.7500; 0.015625
     0.2500  0.0000  0.0000; 0.015625
     0.2500  0.0000  0.2500; 0.015625
     0.2500  0.0000  0.5000; 0.015625
     0.2500  0.0000  0.7500; 0.015625
     0.2500  0.2500  0.0000; 0.015625
     0.2500  0.2500  0.2500; 0.015625
     0.2500  0.2500  0.5000; 0.015625
     0.2500  0.2500  0.7500; 0.015625
     0.2500  0.5000  0.0000; 0.015625
     0.2500  0.5000  0.2500; 0.015625
     0.2500  0.5000  0.5000; 0.015625
     0.2500  0.5000  0.7500; 0.015625
     0.2500  0.7500  0.0000; 0.015625
     0.2500  0.7500  0.2500; 0.015625
     0.2500  0.7500  0.5000; 0.015625
     0.2500  0.7500  0.7500; 0.015625
     0.5000  0.0000  0.0000; 0.015625
     0.5000  0.0000  0.2500; 0.015625
     0.5000  0.0000  0.5000; 0.015625
     0.5000  0.0000  0.7500; 0.015625
     0.5000  0.2500  0.0000; 0.015625
     0.5000  0.2500  0.2500; 0.015625
     0.5000  0.2500  0.5000; 0.015625
     0.5000  0.2500  0.7500; 0.015625
     0.5000  0.5000  0.0000; 0.015625
     0.5000  0.5000  0.2500; 0.015625
     0.5000  0.5000  0.5000; 0.015625
     0.5000  0.5000  0.7500; 0.015625
     0.5000  0.7500  0.0000; 0.015625
     0.5000  0.7500  0.2500; 0.015625
     0.5000  0.7500  0.5000; 0.015625
     0.5000  0.7500  0.7500; 0.015625
     0.7500  0.0000  0.0000; 0.015625
     0.7500  0.0000  0.2500; 0.015625
     0.7500  0.0000  0.5000; 0.015625
     0.7500  0.0000  0.7500; 0.015625
     0.7500  0.2500  0.0000; 0.015625
     0.7500  0.2500  0.2500; 0.015625
     0.7500  0.2500  0.5000; 0.015625
     0.7500  0.2500  0.7500; 0.015625
     0.7500  0.5000  0.0000; 0.015625
     0.7500  0.5000  0.2500; 0.015625
     0.7500  0.5000  0.5000; 0.015625
     0.7500  0.5000  0.7500; 0.015625
     0.7500  0.7500  0.0000; 0.015625
     0.7500  0.7500  0.2500; 0.015625
     0.7500  0.7500  0.5000; 0.015625
     0.7500  0.7500  0.7500; 0.015625

=========================================
Iteration # 1, Run Time:   1.3 sec
Convergence Status   : NOT Converged
SCF Error           : 5.4440e-02 Ry
Avg Diago Iterations: 8.2
Diago Threshold     : 6.81e-04 Ry

Total Energy:          -15.93326073 Ry

      one-el:            4.87213955 Ry
     Hartree:            0.80672099 Ry
          XC:           -4.71236258 Ry
       Ewald:          -16.89975869 Ry

    HO Level:            8.64448410 eV
----------------------------------------

Iteration # 2, Run Time:   1.7 sec
Convergence Status   : NOT Converged
SCF Error           : 6.0246e-02 Ry
Avg Diago Iterations: 2.8
Diago Threshold     : 6.81e-04 Ry

Total Energy:          -15.96500856 Ry

      one-el:            4.84039172 Ry
     Hartree:            0.80672099 Ry
          XC:           -4.71236258 Ry
       Ewald:          -16.89975869 Ry

    HO Level:            5.90455068 eV
----------------------------------------

Iteration # 3, Run Time:   2.0 sec
Convergence Status   : NOT Converged
SCF Error           : 2.6113e-03 Ry
Avg Diago Iterations: 1.1
Diago Threshold     : 3.26e-05 Ry

Total Energy:          -15.77463824 Ry

      one-el:            4.87902159 Ry
     Hartree:            1.06665705 Ry
          XC:           -4.82055819 Ry
       Ewald:          -16.89975869 Ry

    HO Level:            6.41047697 eV
----------------------------------------

Iteration # 4, Run Time:   2.4 sec
Convergence Status   : NOT Converged
SCF Error           : 5.0592e-05 Ry
Avg Diago Iterations: 3.2
Diago Threshold     : 6.32e-07 Ry

Total Energy:          -15.74261763 Ry

      one-el:            4.88819032 Ry
     Hartree:            1.11624272 Ry
          XC:           -4.84729198 Ry
       Ewald:          -16.89975869 Ry

    HO Level:            6.48973418 eV
----------------------------------------

Iteration # 5, Run Time:   2.9 sec
Convergence Status   : NOT Converged
SCF Error           : 4.7963e-07 Ry
Avg Diago Iterations: 4.5
Diago Threshold     : 6.00e-09 Ry

Total Energy:          -15.74908300 Ry

      one-el:            4.88759878 Ry
     Hartree:            1.10800126 Ry
          XC:           -4.84492435 Ry
       Ewald:          -16.89975869 Ry

    HO Level:            6.47252557 eV
----------------------------------------

Iteration # 6, Run Time:   3.5 sec
Convergence Status   : NOT Converged
SCF Error           : 1.5448e-08 Ry
Avg Diago Iterations: 5.2
Diago Threshold     : 1.93e-10 Ry

Total Energy:          -15.74871230 Ry

      one-el:            4.88766934 Ry
     Hartree:            1.10872599 Ry
          XC:           -4.84534893 Ry
       Ewald:          -16.89975869 Ry

    HO Level:            6.47364106 eV
----------------------------------------

Iteration # 7, Run Time:   4.0 sec
Convergence Status   :  Converged
SCF Error           : 9.7182e-10 Ry
Avg Diago Iterations: 3.5
Diago Threshold     : 1.93e-10 Ry

Total Energy:          -15.74870222 Ry

      one-el:            4.88763499 Ry
     Hartree:            1.10876311 Ry
          XC:           -4.84534163 Ry
       Ewald:          -16.89975869 Ry

    HO Level:            6.47372910 eV
----------------------------------------

SCF Converged.
SCF Routine has exited
Quantum MASALA
 - Project Git Info:
    - Commit hash:          6cf3f410909f331c1b9748a0262561d5dc1b194e
    - Commit date and time: Monday, 21 October, 2024 12:06:29
=========================================
SCF Parameters:

dftcomm         = DFTCommMod(image_comm.size=1, n_kgrp=1, n_bgrp=1, pwgrp_size=None)
crystal         = Crystal(
    reallat=Lattice parameter 'alat' :   10.20000  a.u.
Unit cell volume         :  265.30200  (a.u.)^3
Number of atoms/cell     : 1
Number of atomic types   : 1
Number of electrons      : 16

Crystal Axes: coordinates in units of 'alat' (10.20000 a.u.)
    a(1) = (-0.50000,  0.00000,  0.50000)
    a(2) = ( 0.00000,  0.50000,  0.50000)
    a(3) = (-0.50000,  0.50000,  0.00000)

Reciprocal Axes: coordinates in units of 'tpiba' (0.61600 (a.u.)^-1)
    b(1) = (-1.00000, -1.00000,  1.00000)
    b(2) = ( 1.00000,  1.00000,  1.00000)
    b(3) = (-1.00000,  1.00000, -1.00000), 
    l_atoms=[
    	BasisAtoms(
    	  label='Si', 
    	  ppdata.filename=Si_ONCV_PBE-1.2.upf, 
    	  ppdata.md5_checksum=7f029a58b69e3aa87b46a36c608bf45e, 
    	  mass=28.086, 
    	  r_cryst=
    	    [-0.875,  2.625, -0.875],
    	    [-0.125,  0.375, -0.125],
    	  )
    	])
grho            = GSpace(crystal.recilat, ecut_rho=50.0, grid_shape=(24, 24, 24))
grho.num_g      = 4477
gwfn            = GSpace(crystal.recilat, ecut_wfn=50.0, grid_shape=(24, 24, 24))
gwfn.num_g      = 4477
numbnd          = 30
is_spin         = False
is_noncolin     = False
symm_rho        = True
rho_start       = <qtm.containers.field.get_FieldG.<locals>.FieldG object at 0x7f98175674d0>
wfn_init        = None
libxc_func      = None
occ_typ         = fixed
smear_typ       = gauss
e_temp          = 0.001 # Ha
conv_thr        = 5e-09 # Ha
maxiter         = 1
diago_thr_init  = 6.25e-11
mix_beta        = 0.7
mix_dim         = 8
ret_vxc         = True
dftconfig       = DFTConfig(
                      symm_check_supercell = True,
                      symm_use_all_frac = False,
                      spglib_symprec = 1e-05,
                      eigsolve_method = 'davidson',
                      davidson_maxiter = 20,
                      davidson_numwork = 2,
                      mixing_method = 'modbroyden')
iter_printer    = print_scf_status
kpts            =
    kpt[0]  kpt[1]  kpt[2];  weight
     0.0000  0.0000  0.0000; 0.015625
     0.0000  0.0000  0.2500; 0.015625
     0.0000  0.0000  0.5000; 0.015625
     0.0000  0.0000  0.7500; 0.015625
     0.0000  0.2500  0.0000; 0.015625
     0.0000  0.2500  0.2500; 0.015625
     0.0000  0.2500  0.5000; 0.015625
     0.0000  0.2500  0.7500; 0.015625
     0.0000  0.5000  0.0000; 0.015625
     0.0000  0.5000  0.2500; 0.015625
     0.0000  0.5000  0.5000; 0.015625
     0.0000  0.5000  0.7500; 0.015625
     0.0000  0.7500  0.0000; 0.015625
     0.0000  0.7500  0.2500; 0.015625
     0.0000  0.7500  0.5000; 0.015625
     0.0000  0.7500  0.7500; 0.015625
     0.2500  0.0000  0.0000; 0.015625
     0.2500  0.0000  0.2500; 0.015625
     0.2500  0.0000  0.5000; 0.015625
     0.2500  0.0000  0.7500; 0.015625
     0.2500  0.2500  0.0000; 0.015625
     0.2500  0.2500  0.2500; 0.015625
     0.2500  0.2500  0.5000; 0.015625
     0.2500  0.2500  0.7500; 0.015625
     0.2500  0.5000  0.0000; 0.015625
     0.2500  0.5000  0.2500; 0.015625
     0.2500  0.5000  0.5000; 0.015625
     0.2500  0.5000  0.7500; 0.015625
     0.2500  0.7500  0.0000; 0.015625
     0.2500  0.7500  0.2500; 0.015625
     0.2500  0.7500  0.5000; 0.015625
     0.2500  0.7500  0.7500; 0.015625
     0.5000  0.0000  0.0000; 0.015625
     0.5000  0.0000  0.2500; 0.015625
     0.5000  0.0000  0.5000; 0.015625
     0.5000  0.0000  0.7500; 0.015625
     0.5000  0.2500  0.0000; 0.015625
     0.5000  0.2500  0.2500; 0.015625
     0.5000  0.2500  0.5000; 0.015625
     0.5000  0.2500  0.7500; 0.015625
     0.5000  0.5000  0.0000; 0.015625
     0.5000  0.5000  0.2500; 0.015625
     0.5000  0.5000  0.5000; 0.015625
     0.5000  0.5000  0.7500; 0.015625
     0.5000  0.7500  0.0000; 0.015625
     0.5000  0.7500  0.2500; 0.015625
     0.5000  0.7500  0.5000; 0.015625
     0.5000  0.7500  0.7500; 0.015625
     0.7500  0.0000  0.0000; 0.015625
     0.7500  0.0000  0.2500; 0.015625
     0.7500  0.0000  0.5000; 0.015625
     0.7500  0.0000  0.7500; 0.015625
     0.7500  0.2500  0.0000; 0.015625
     0.7500  0.2500  0.2500; 0.015625
     0.7500  0.2500  0.5000; 0.015625
     0.7500  0.2500  0.7500; 0.015625
     0.7500  0.5000  0.0000; 0.015625
     0.7500  0.5000  0.2500; 0.015625
     0.7500  0.5000  0.5000; 0.015625
     0.7500  0.5000  0.7500; 0.015625
     0.7500  0.7500  0.0000; 0.015625
     0.7500  0.7500  0.2500; 0.015625
     0.7500  0.7500  0.5000; 0.015625
     0.7500  0.7500  0.7500; 0.015625

=========================================
Iteration # 1, Run Time:  12.2 sec
Convergence Status   :  Converged
SCF Error           : 1.0501e-09 Ry
Avg Diago Iterations: 20.0
Diago Threshold     : 1.25e-10 Ry

Total Energy:          -15.74870223 Ry

      one-el:            4.88763499 Ry
     Hartree:            1.10876311 Ry
          XC:           -4.84534163 Ry
       Ewald:          -16.89975869 Ry

    HO Level:            6.47372915 eV
    LU Level:            7.11966179 eV
----------------------------------------

SCF Converged.
Quantum MASALA
 - Project Git Info:
    - Commit hash:          6cf3f410909f331c1b9748a0262561d5dc1b194e
    - Commit date and time: Monday, 21 October, 2024 12:06:29
=========================================
SCF Parameters:

dftcomm         = DFTCommMod(image_comm.size=1, n_kgrp=1, n_bgrp=1, pwgrp_size=None)
crystal         = Crystal(
    reallat=Lattice parameter 'alat' :   10.20000  a.u.
Unit cell volume         :  265.30200  (a.u.)^3
Number of atoms/cell     : 1
Number of atomic types   : 1
Number of electrons      : 16

Crystal Axes: coordinates in units of 'alat' (10.20000 a.u.)
    a(1) = (-0.50000,  0.00000,  0.50000)
    a(2) = ( 0.00000,  0.50000,  0.50000)
    a(3) = (-0.50000,  0.50000,  0.00000)

Reciprocal Axes: coordinates in units of 'tpiba' (0.61600 (a.u.)^-1)
    b(1) = (-1.00000, -1.00000,  1.00000)
    b(2) = ( 1.00000,  1.00000,  1.00000)
    b(3) = (-1.00000,  1.00000, -1.00000), 
    l_atoms=[
    	BasisAtoms(
    	  label='Si', 
    	  ppdata.filename=Si_ONCV_PBE-1.2.upf, 
    	  ppdata.md5_checksum=7f029a58b69e3aa87b46a36c608bf45e, 
    	  mass=28.086, 
    	  r_cryst=
    	    [-0.875,  2.625, -0.875],
    	    [-0.125,  0.375, -0.125],
    	  )
    	])
grho            = GSpace(crystal.recilat, ecut_rho=50.0, grid_shape=(24, 24, 24))
grho.num_g      = 4477
gwfn            = GSpace(crystal.recilat, ecut_wfn=50.0, grid_shape=(24, 24, 24))
gwfn.num_g      = 4477
numbnd          = 30
is_spin         = False
is_noncolin     = False
symm_rho        = True
rho_start       = <qtm.containers.field.get_FieldG.<locals>.FieldG object at 0x7f9800916650>
wfn_init        = None
libxc_func      = None
occ_typ         = fixed
smear_typ       = gauss
e_temp          = 0.001 # Ha
conv_thr        = 5e-09 # Ha
maxiter         = 1
diago_thr_init  = 6.25e-11
mix_beta        = 0.7
mix_dim         = 8
ret_vxc         = False
dftconfig       = DFTConfig(
                      symm_check_supercell = True,
                      symm_use_all_frac = False,
                      spglib_symprec = 1e-05,
                      eigsolve_method = 'davidson',
                      davidson_maxiter = 20,
                      davidson_numwork = 2,
                      mixing_method = 'modbroyden')
iter_printer    = print_scf_status
kpts            =
    kpt[0]  kpt[1]  kpt[2];  weight
     0.0000  0.0000  0.0010; 0.015625
     0.0000  0.0000  0.2510; 0.015625
     0.0000  0.0000  0.5010; 0.015625
     0.0000  0.0000  0.7510; 0.015625
     0.0000  0.2500  0.0010; 0.015625
     0.0000  0.2500  0.2510; 0.015625
     0.0000  0.2500  0.5010; 0.015625
     0.0000  0.2500  0.7510; 0.015625
     0.0000  0.5000  0.0010; 0.015625
     0.0000  0.5000  0.2510; 0.015625
     0.0000  0.5000  0.5010; 0.015625
     0.0000  0.5000  0.7510; 0.015625
     0.0000  0.7500  0.0010; 0.015625
     0.0000  0.7500  0.2510; 0.015625
     0.0000  0.7500  0.5010; 0.015625
     0.0000  0.7500  0.7510; 0.015625
     0.2500  0.0000  0.0010; 0.015625
     0.2500  0.0000  0.2510; 0.015625
     0.2500  0.0000  0.5010; 0.015625
     0.2500  0.0000  0.7510; 0.015625
     0.2500  0.2500  0.0010; 0.015625
     0.2500  0.2500  0.2510; 0.015625
     0.2500  0.2500  0.5010; 0.015625
     0.2500  0.2500  0.7510; 0.015625
     0.2500  0.5000  0.0010; 0.015625
     0.2500  0.5000  0.2510; 0.015625
     0.2500  0.5000  0.5010; 0.015625
     0.2500  0.5000  0.7510; 0.015625
     0.2500  0.7500  0.0010; 0.015625
     0.2500  0.7500  0.2510; 0.015625
     0.2500  0.7500  0.5010; 0.015625
     0.2500  0.7500  0.7510; 0.015625
     0.5000  0.0000  0.0010; 0.015625
     0.5000  0.0000  0.2510; 0.015625
     0.5000  0.0000  0.5010; 0.015625
     0.5000  0.0000  0.7510; 0.015625
     0.5000  0.2500  0.0010; 0.015625
     0.5000  0.2500  0.2510; 0.015625
     0.5000  0.2500  0.5010; 0.015625
     0.5000  0.2500  0.7510; 0.015625
     0.5000  0.5000  0.0010; 0.015625
     0.5000  0.5000  0.2510; 0.015625
     0.5000  0.5000  0.5010; 0.015625
     0.5000  0.5000  0.7510; 0.015625
     0.5000  0.7500  0.0010; 0.015625
     0.5000  0.7500  0.2510; 0.015625
     0.5000  0.7500  0.5010; 0.015625
     0.5000  0.7500  0.7510; 0.015625
     0.7500  0.0000  0.0010; 0.015625
     0.7500  0.0000  0.2510; 0.015625
     0.7500  0.0000  0.5010; 0.015625
     0.7500  0.0000  0.7510; 0.015625
     0.7500  0.2500  0.0010; 0.015625
     0.7500  0.2500  0.2510; 0.015625
     0.7500  0.2500  0.5010; 0.015625
     0.7500  0.2500  0.7510; 0.015625
     0.7500  0.5000  0.0010; 0.015625
     0.7500  0.5000  0.2510; 0.015625
     0.7500  0.5000  0.5010; 0.015625
     0.7500  0.5000  0.7510; 0.015625
     0.7500  0.7500  0.0010; 0.015625
     0.7500  0.7500  0.2510; 0.015625
     0.7500  0.7500  0.5010; 0.015625
     0.7500  0.7500  0.7510; 0.015625

=========================================
Iteration # 1, Run Time:  12.2 sec
Convergence Status   :  Converged
SCF Error           : 1.2451e-09 Ry
Avg Diago Iterations: 20.0
Diago Threshold     : 1.25e-10 Ry

Total Energy:          -15.74870474 Ry

      one-el:            4.88763248 Ry
     Hartree:            1.10876311 Ry
          XC:           -4.84534163 Ry
       Ewald:          -16.89975869 Ry

    HO Level:            6.47370537 eV
    LU Level:            7.11794443 eV
----------------------------------------

SCF Converged.
Shifted NSCF Routine has exited
vcoul: Vcoul:
        * gspace = <qtm.gspace.gspc.GSpace object at 0x7f97f4093710>
        * qpts = <qtm.gw.core.QPoints object at 0x7f97f0a27e10>
        * bare_coulomb_cutoff = 10.0
        * avgcut = 1e-05
        * l_gspace_q = <class 'list'> of length 64
        * vcoul = <class 'list'> of length 64
        * N_SAMPLES = 2500000.0
        * N_SAMPLES_COARSE = 250000.0
        * SEED = 5000
        
Sigma SX COHSEX
k-point index: 0
k-point (crystal coords.): [0. 0. 0.]
Sigma matrix elements: [11.87583315  8.03108808  8.03086259  8.03223795  2.91217216  2.90975673
  2.90913177  2.68167169]
k-point index: 40
k-point (crystal coords.): [0.5 0.5 0. ]
Sigma matrix elements: [10.67181494 10.67873247  8.71930596  8.72002743  2.58659174  2.58814959
  1.32869444  1.32911164]
k-point index: 8
k-point (crystal coords.): [0.  0.5 0. ]
Sigma matrix elements: [11.32875637 10.01467622  8.36558621  8.36632281  2.87263011  2.42739816
  2.42645842  0.73961571]
Sigma CH COHSEX
k-point index: 0
k-point (crystal coords.): [0. 0. 0.]
Sigma matrix elements: [-6.62725029 -5.09928206 -5.0992612  -5.0995398  -4.7470546  -4.7458773
 -4.7456946  -4.75744448]
k-point index: 40
k-point (crystal coords.): [0.5 0.5 0. ]
Sigma matrix elements: [-6.30312693 -6.30310346 -5.57121725 -5.57119334 -4.70070898 -4.70165632
 -3.46004358 -3.46063147]
k-point index: 8
k-point (crystal coords.): [0.  0.5 0. ]
Sigma matrix elements: [-6.49445076 -6.06863014 -5.40676391 -5.40778184 -4.91736502 -4.28724411
 -4.2871819  -2.97508242]
Sigma X
k-point index: 0
k-point (crystal coords.): [0. 0. 0.]
Sigma matrix elements: [-17.54988363 -12.97482234 -12.9748306  -12.97500673  -5.76547098
  -5.76554859  -5.76552627  -5.83117943]
k-point index: 40
k-point (crystal coords.): [0.5 0.5 0. ]
Sigma matrix elements: [-16.0388165  -16.03878286 -13.41748403 -13.4176037   -5.19654189
  -5.19618249  -3.78959834  -3.7896262 ]
k-point index: 8
k-point (crystal coords.): [0.  0.5 0. ]
Sigma matrix elements: [-16.9189109  -14.90871506 -13.20451581 -13.20434141  -5.93448818
  -5.08166373  -5.08175798  -2.40636424]
Sigma SX STATIC
k-point index: 0
k-point (crystal coords.): [0. 0. 0.]
Sigma matrix elements: [11.87583315  8.03108808  8.03086259  8.03223795  2.91217216  2.90975673
  2.90913177  2.68167169]
k-point index: 40
k-point (crystal coords.): [0.5 0.5 0. ]
Sigma matrix elements: [10.67181494 10.67873247  8.71930596  8.72002743  2.58659174  2.58814959
  1.32869444  1.32911164]
k-point index: 8
k-point (crystal coords.): [0.  0.5 0. ]
Sigma matrix elements: [11.32875637 10.01467622  8.36558621  8.36632281  2.87263011  2.42739816
  2.42645842  0.73961571]
Sigma CH STATIC
k-point index: 0
k-point (crystal coords.): [0. 0. 0.]
Sigma matrix elements: [-6.62725029 -5.09928206 -5.0992612  -5.0995398  -4.7470546  -4.7458773
 -4.7456946  -4.75744448]
k-point index: 40
k-point (crystal coords.): [0.5 0.5 0. ]
Sigma matrix elements: [-6.30312693 -6.30310346 -5.57121725 -5.57119334 -4.70070898 -4.70165632
 -3.46004358 -3.46063147]
k-point index: 8
k-point (crystal coords.): [0.  0.5 0. ]
Sigma matrix elements: [-6.49445076 -6.06863014 -5.40676391 -5.40778184 -4.91736502 -4.28724411
 -4.2871819  -2.97508242]
Sigma CH EXACT STATIC
k-point index: 0
k-point (crystal coords.): [0. 0. 0.]
Sigma matrix elements: [-7.44455529 -7.75688777 -7.75666495 -7.75754357 -7.3358477  -7.33496479
 -7.33474104 -7.82975675]
k-point index: 40
k-point (crystal coords.): [0.5 0.5 0. ]
Sigma matrix elements: [-7.62303912 -7.62329836 -7.47675192 -7.47748696 -6.79525724 -6.79496214
 -7.67356785 -7.67442519]
k-point index: 8
k-point (crystal coords.): [0.  0.5 0. ]
Sigma matrix elements: [-7.62665759 -7.31429175 -7.6735874  -7.67462602 -7.35446679 -7.12054356
 -7.12040425 -6.23216566]
Sig (Exact):
k-point index: 0
k-point (crystal coords.): [0. 0. 0.]
Sigma matrix elements: [-13.11860578 -12.70062203 -12.70063296 -12.70031235 -10.18914652
 -10.19075664 -10.19113554 -10.97926449]
k-point index: 40
k-point (crystal coords.): [0.5 0.5 0. ]
Sigma matrix elements: [-12.99004068 -12.98334875 -12.17492999 -12.17506322  -9.40520739
  -9.40299504 -10.13447175 -10.13493975]
k-point index: 8
k-point (crystal coords.): [0.  0.5 0. ]
Sigma matrix elements: [-13.21681212 -12.2083306  -12.512517   -12.51264462 -10.41632486
  -9.77480913  -9.77570381  -7.89891419]
Eqp0 (Exact):
k-point index: 0
k-point (crystal coords.): [0. 0. 0.]
Sigma matrix elements: [-8.2517094   5.14254346  5.14253263  5.14285332  8.89849477  8.89688477
  8.89650598  9.96665223]
k-point index: 40
k-point (crystal coords.): [0.5 0.5 0. ]
Sigma matrix elements: [-3.51999394 -3.51330182  2.01508211  2.01494896  6.72205972  6.72427207
 17.16451342 17.16404555]
k-point index: 8
k-point (crystal coords.): [0.  0.5 0. ]
Sigma matrix elements: [-5.57505134 -2.58625392  3.84609291  3.84596544  7.76138089  9.6941285
  9.69323401 14.03445997]
Sig (Partial):
k-point index: 0
k-point (crystal coords.): [0. 0. 0.]
Sigma matrix elements: [-12.30130078 -10.04301632 -10.04322921 -10.04230858  -7.60035342
  -7.60166915  -7.6020891   -7.90695222]
k-point index: 40
k-point (crystal coords.): [0.5 0.5 0. ]
Sigma matrix elements: [-11.67012849 -11.66315384 -10.26939532 -10.2687696   -7.31065913
  -7.30968922  -5.92094748  -5.92114603]
k-point index: 8
k-point (crystal coords.): [0.  0.5 0. ]
Sigma matrix elements: [-12.08460529 -10.96266899 -10.24569351 -10.24580044  -7.97922309
  -6.94150969  -6.94248146  -4.64183095]
Eqp0 (Partial):
k-point index: 0
k-point (crystal coords.): [0. 0. 0.]
Sigma matrix elements: [-7.4344044   7.80014916  7.79993638  7.8008571  11.48728787 11.48597226
 11.48555242 13.0389645 ]
k-point index: 40
k-point (crystal coords.): [0.5 0.5 0. ]
Sigma matrix elements: [-2.20008175 -2.19310691  3.92061679  3.92124258  8.81660798  8.8175779
 21.37803769 21.37783927]
k-point index: 8
k-point (crystal coords.): [0.  0.5 0. ]
Sigma matrix elements: [-4.44284451 -1.34059231  6.1129164   6.11280963 10.19848265 12.52742795
 12.52645636 17.29154321]


       k =  0.000000  0.000000  0.000000 ik =  0 spin = 1
   n         Emf          Eo           X        SX-X          CH         Sig         Vxc        Eqp0        Eqp1         CH`        Sig`       Eqp0`       Eqp1`         Znk
   0   -5.636252   -5.636252  -17.549884   11.875833   -7.444555  -13.118606  -10.503148   -8.251709   -8.251709   -6.627250  -12.301301   -7.434404   -7.434404    1.000000
   1    6.473729    6.473729  -12.974822    8.031088   -7.756888  -12.700622  -11.369437    5.142543    5.142543   -5.099282  -10.043016    7.800149    7.800149    1.000000
   2    6.473729    6.473729  -12.974831    8.030863   -7.756665  -12.700633  -11.369437    5.142533    5.142533   -5.099261  -10.043229    7.799936    7.799936    1.000000
   3    6.473729    6.473729  -12.975007    8.032238   -7.757544  -12.700312  -11.369437    5.142853    5.142853   -5.099540  -10.042309    7.800857    7.800857    1.000000
   4    9.026401    9.026401   -5.765471    2.912172   -7.335848  -10.189147  -10.061240    8.898495    8.898495   -4.747055   -7.600353   11.487288   11.487288    1.000000
   5    9.026401    9.026401   -5.765549    2.909757   -7.334965  -10.190757  -10.061240    8.896885    8.896885   -4.745877   -7.601669   11.485972   11.485972    1.000000
   6    9.026402    9.026402   -5.765526    2.909132   -7.334741  -10.191136  -10.061240    8.896506    8.896506   -4.745695   -7.602089   11.485552   11.485552    1.000000
   7   10.004560   10.004560   -5.831179    2.681672   -7.829757  -10.979264  -10.941357    9.966652    9.966652   -4.757444   -7.906952   13.038965   13.038965    1.000000

       k =  0.000000  0.000000  0.250000 ik =  1 spin = 1
   n         Emf          Eo           X        SX-X          CH         Sig         Vxc        Eqp0        Eqp1         CH`        Sig`       Eqp0`       Eqp1`         Znk
   0   -1.422121   -1.422121  -16.038817   10.671815   -7.623039  -12.990041  -10.892168   -3.519994   -3.519994   -6.303127  -11.670128   -2.200082   -2.200082    1.000000
   1   -1.422121   -1.422121  -16.038783   10.678732   -7.623298  -12.983349  -10.892168   -3.513302   -3.513302   -6.303103  -11.663154   -2.193107   -2.193107    1.000000
   2    3.560636    3.560636  -13.417484    8.719306   -7.476752  -12.174930  -10.629376    2.015082    2.015082   -5.571217  -10.269395    3.920617    3.920617    1.000000
   3    3.560636    3.560636  -13.417604    8.720027   -7.477487  -12.175063  -10.629376    2.014949    2.014949   -5.571193  -10.268770    3.921243    3.921243    1.000000
   4    7.119662    7.119662   -5.196542    2.586592   -6.795257   -9.405207   -9.007605    6.722060    6.722060   -4.700709   -7.310659    8.816608    8.816608    1.000000
   5    7.119662    7.119662   -5.196182    2.588150   -6.794962   -9.402995   -9.007605    6.724272    6.724272   -4.701656   -7.309689    8.817578    8.817578    1.000000
   6   16.729138   16.729138   -3.789598    1.328694   -7.673568  -10.134472  -10.569847   17.164513   17.164513   -3.460044   -5.920947   21.378038   21.378038    1.000000
   7   16.729138   16.729138   -3.789626    1.329112   -7.674425  -10.134940  -10.569847   17.164046   17.164046   -3.460631   -5.921146   21.377839   21.377839    1.000000

       k =  0.000000  0.000000  0.500000 ik =  2 spin = 1
   n         Emf          Eo           X        SX-X          CH         Sig         Vxc        Eqp0        Eqp1         CH`        Sig`       Eqp0`       Eqp1`         Znk
   0   -3.256064   -3.256064  -16.918911   11.328756   -7.626658  -13.216812  -10.897825   -5.575051   -5.575051   -6.494451  -12.084605   -4.442845   -4.442845    1.000000
   1   -0.604712   -0.604712  -14.908715   10.014676   -7.314292  -12.208331  -10.226789   -2.586254   -2.586254   -6.068630  -10.962669   -1.340592   -1.340592    1.000000
   2    5.252897    5.252897  -13.204516    8.365586   -7.673587  -12.512517  -11.105713    3.846093    3.846093   -5.406764  -10.245694    6.112916    6.112916    1.000000
   3    5.252897    5.252897  -13.204341    8.366323   -7.674626  -12.512645  -11.105713    3.845965    3.845965   -5.407782  -10.245800    6.112810    6.112810    1.000000
   4    8.045860    8.045860   -5.934488    2.872630   -7.354467  -10.416325  -10.131846    7.761381    7.761381   -4.917365   -7.979223   10.198483   10.198483    1.000000
   5    9.785203    9.785203   -5.081664    2.427398   -7.120544   -9.774809   -9.683734    9.694129    9.694129   -4.287244   -6.941510   12.527428   12.527428    1.000000
   6    9.785203    9.785203   -5.081758    2.426458   -7.120404   -9.775704   -9.683735    9.693234    9.693234   -4.287182   -6.942481   12.526456   12.526456    1.000000
   7   14.194395   14.194395   -2.406364    0.739616   -6.232166   -7.898914   -7.738980   14.034460   14.034460   -2.975082   -4.641831   17.291543   17.291543    1.000000
Sigma CH COHSEX EXACT
k-point index: 0
k-point (crystal coords.): [0. 0. 0.]
Sigma matrix elements: [-7.44455529 -7.75688777 -7.75666495 -7.75754357 -7.3358477  -7.33496479
 -7.33474104 -7.82975675]
k-point index: 40
k-point (crystal coords.): [0.5 0.5 0. ]
Sigma matrix elements: [-7.62303912 -7.62329836 -7.47675192 -7.47748696 -6.79525724 -6.79496214
 -7.67356785 -7.67442519]
k-point index: 8
k-point (crystal coords.): [0.  0.5 0. ]
Sigma matrix elements: [-7.62665759 -7.31429175 -7.6735874  -7.67462602 -7.35446679 -7.12054356
 -7.12040425 -6.23216566]
Sigma SX GPP
k-point index: 0
k-point (crystal coords.): [0. 0. 0.]
Sigma matrix elements: [12.24400061  8.17739644  8.17729036  8.17915093  3.29950424  3.29514198
  3.29374087  3.36904001]
k-point index: 40
k-point (crystal coords.): [0.5 0.5 0. ]
Sigma matrix elements: [10.83771777 10.8464316   8.83744536  8.83879635  2.86502834  2.86694403
  1.73711909  1.7387175 ]
k-point index: 8
k-point (crystal coords.): [0.  0.5 0. ]
Sigma matrix elements: [11.54963174 10.17468054  8.50031136  8.50201397  3.29917584  2.79241423
  2.78961271  1.08991404]
Sigma CH GPP
k-point index: 0
k-point (crystal coords.): [0. 0. 0.]
Sigma matrix elements: [-5.79697105 -5.40277041 -5.40295163 -5.40362496 -5.34305536 -5.33941149
 -5.33831776 -5.72153943]
k-point index: 40
k-point (crystal coords.): [0.5 0.5 0. ]
Sigma matrix elements: [-5.84716593 -5.84884636 -5.55895171 -5.55954611 -4.98227886 -4.98348944
 -4.62128198 -4.62265912]
k-point index: 8
k-point (crystal coords.): [0.  0.5 0. ]
Sigma matrix elements: [-5.87921886 -5.64240964 -5.57236627 -5.57392775 -5.44691787 -4.891657
 -4.88957957 -3.77195982]
Sigma X GPP
k-point index: 0
k-point (crystal coords.): [0. 0. 0.]
Sigma matrix elements: [-17.54988363 -12.97482234 -12.9748306  -12.97500673  -5.76547098
  -5.76554859  -5.76552627  -5.83117943]
k-point index: 40
k-point (crystal coords.): [0.5 0.5 0. ]
Sigma matrix elements: [-16.0388165  -16.03878286 -13.41748403 -13.4176037   -5.19654189
  -5.19618249  -3.78959834  -3.7896262 ]
k-point index: 8
k-point (crystal coords.): [0.  0.5 0. ]
Sigma matrix elements: [-16.9189109  -14.90871506 -13.20451581 -13.20434141  -5.93448818
  -5.08166373  -5.08175798  -2.40636424]
Sigma CH STATIC COHSEX
k-point index: 0
k-point (crystal coords.): [0. 0. 0.]
Sigma matrix elements: [-6.62725029 -5.09928206 -5.0992612  -5.0995398  -4.7470546  -4.7458773
 -4.7456946  -4.75744448]
k-point index: 40
k-point (crystal coords.): [0.5 0.5 0. ]
Sigma matrix elements: [-6.30312693 -6.30310346 -5.57121725 -5.57119334 -4.70070898 -4.70165632
 -3.46004358 -3.46063147]
k-point index: 8
k-point (crystal coords.): [0.  0.5 0. ]
Sigma matrix elements: [-6.49445076 -6.06863014 -5.40676391 -5.40778184 -4.91736502 -4.28724411
 -4.2871819  -2.97508242]
Sigma CH STATIC EXACT
k-point index: 0
k-point (crystal coords.): [0. 0. 0.]
Sigma matrix elements: [-7.44455529 -7.75688777 -7.75666495 -7.75754357 -7.3358477  -7.33496479
 -7.33474104 -7.82975675]
k-point index: 40
k-point (crystal coords.): [0.5 0.5 0. ]
Sigma matrix elements: [-7.62303912 -7.62329836 -7.47675192 -7.47748696 -6.79525724 -6.79496214
 -7.67356785 -7.67442519]
k-point index: 8
k-point (crystal coords.): [0.  0.5 0. ]
Sigma matrix elements: [-7.62665759 -7.31429175 -7.6735874  -7.67462602 -7.35446679 -7.12054356
 -7.12040425 -6.23216566]
Started sigma_sx_gpp 2024-10-21 12:17:51
Sigma SX GPP
k-point index: 0
k-point (crystal coords.): [0. 0. 0.]
Sigma matrix elements: [12.24400061  8.17739644  8.17729036  8.17915093  3.29950424  3.29514198
  3.29374087  3.36904001]
k-point index: 40
k-point (crystal coords.): [0.5 0.5 0. ]
Sigma matrix elements: [10.83771777 10.8464316   8.83744536  8.83879635  2.86502834  2.86694403
  1.73711909  1.7387175 ]
k-point index: 8
k-point (crystal coords.): [0.  0.5 0. ]
Sigma matrix elements: [11.54963174 10.17468054  8.50031136  8.50201397  3.29917584  2.79241423
  2.78961271  1.08991404]
Sigma CH GPP
k-point index: 0
k-point (crystal coords.): [0. 0. 0.]
Sigma matrix elements: [-5.79697105 -5.40277041 -5.40295163 -5.40362496 -5.34305536 -5.33941149
 -5.33831776 -5.72153943]
k-point index: 40
k-point (crystal coords.): [0.5 0.5 0. ]
Sigma matrix elements: [-5.84716593 -5.84884636 -5.55895171 -5.55954611 -4.98227886 -4.98348944
 -4.62128198 -4.62265912]
k-point index: 8
k-point (crystal coords.): [0.  0.5 0. ]
Sigma matrix elements: [-5.87921886 -5.64240964 -5.57236627 -5.57392775 -5.44691787 -4.891657
 -4.88957957 -3.77195982]
Sig GPP:
k-point index: 0
k-point (crystal coords.): [0. 0. 0.]
Sigma matrix elements: [-11.511507 -11.528999 -11.529194 -11.528483  -9.103419  -9.104362
  -9.104626  -9.719835]
k-point index: 40
k-point (crystal coords.): [0.5 0.5 0. ]
Sigma matrix elements: [-11.708221 -11.701295 -11.091758 -11.0915    -8.361067  -8.359381
  -8.780523  -8.780465]
k-point index: 8
k-point (crystal coords.): [0.  0.5 0. ]
Sigma matrix elements: [-11.814601 -10.999275 -11.409982 -11.409677  -9.300781  -8.597556
  -8.598336  -6.716952]
Eqp0
k-point index: 0
k-point (crystal coords.): [0. 0. 0.]
Sigma matrix elements: [-6.64461062  6.31416649  6.31397159  6.31468267  9.98422228  9.98327941
  9.98301552 11.22608172]
k-point index: 40
k-point (crystal coords.): [0.5 0.5 0. ]
Sigma matrix elements: [-2.23817426 -2.23124807  3.0982541   3.09851218  7.76620011  7.76788611
 18.51846217 18.5185203 ]
k-point index: 8
k-point (crystal coords.): [0.  0.5 0. ]
Sigma matrix elements: [-4.17284022 -1.37719832  4.94862791  4.94893307  8.87692474 10.87138163
 10.87060182 15.21642215]
Sigma CH GPP dE
k-point index: 0
k-point (crystal coords.): [0. 0. 0.]
Sigma matrix elements: [-6.05625328 -5.64008463 -5.63879408 -5.63889479 -5.57015057 -5.56629242
 -5.56491349 -5.94100504]
k-point index: 40
k-point (crystal coords.): [0.5 0.5 0. ]
Sigma matrix elements: [-6.12407308 -6.12589424 -5.84323422 -5.84384322 -5.28548726 -5.2882397
 -4.90814077 -4.90977974]
k-point index: 8
k-point (crystal coords.): [0.  0.5 0. ]
Sigma matrix elements: [-6.14962412 -5.91633825 -5.86016813 -5.86199356 -5.77215937 -5.10037417
 -5.09915461 -4.06320269]
Sigma SX GPP dE
k-point index: 0
k-point (crystal coords.): [0. 0. 0.]
Sigma matrix elements: [-6.05625328 -5.64008463 -5.63879408 -5.63889479 -5.57015057 -5.56629242
 -5.56491349 -5.94100504]
k-point index: 40
k-point (crystal coords.): [0.5 0.5 0. ]
Sigma matrix elements: [-6.12407308 -6.12589424 -5.84323422 -5.84384322 -5.28548726 -5.2882397
 -4.90814077 -4.90977974]
k-point index: 8
k-point (crystal coords.): [0.  0.5 0. ]
Sigma matrix elements: [-6.14962412 -5.91633825 -5.86016813 -5.86199356 -5.77215937 -5.10037417
 -5.09915461 -4.06320269]
Z:
k-point index: 0
k-point (crystal coords.): [0. 0. 0.]
Sigma matrix elements: [0.71488158 0.83996799 0.83996944 0.83996101 0.83069947 0.83071003
 0.83071075 0.83478904]
k-point index: 40
k-point (crystal coords.): [0.5 0.5 0. ]
Sigma matrix elements: [0.77522307 0.77506316 0.81712589 0.81715528 0.8355984  0.83558709
 0.81205278 0.81229029]
k-point index: 8
k-point (crystal coords.): [0.  0.5 0. ]
Sigma matrix elements: [0.75552093 0.77893562 0.82906574 0.82906408 0.83322786 0.8396435
 0.83963249 0.83752004]
Sig_2:
[[-11.501687+0.0e+00j -11.338216+2.5e-05j -11.572088+0.0e+00j]
 [-10.390718-0.0e+00j -11.331415-2.5e-05j -10.660247-0.0e+00j]
 [-10.391011+0.0e+00j -10.362792+0.0e+00j -10.482748+0.0e+00j]
 [-10.390012+0.0e+00j -10.362111-0.0e+00j -10.482435-0.0e+00j]
 [ -8.012827-0.0e+00j  -7.51054 +3.1e-05j  -8.282382-0.0e+00j]
 [ -8.013608-0.0e+00j  -7.509491-3.1e-05j  -7.371888+0.0e+00j]
 [ -8.013892+0.0e+00j  -6.905208-7.0e-06j  -7.372722-0.0e+00j]
 [ -8.381586+0.0e+00j  -6.904655+7.0e-06j  -5.282411-0.0e+00j]]
Eqp1
k-point index: 0
k-point (crystal coords.): [0. 0. 0.]
Sigma matrix elements: [-6.35710898  6.33970159  6.33953767  6.34013631  9.82206269  9.82128957
  9.82107105 11.0242729 ]
k-point index: 40
k-point (crystal coords.): [0.5 0.5 0. ]
Sigma matrix elements: [-2.05474435 -2.04924558  3.1828118   3.18300911  7.6599082   7.66130969
 18.18216363 18.18263585]
k-point index: 8
k-point (crystal coords.): [0.  0.5 0. ]
Sigma matrix elements: [-3.94870762 -1.2064291   5.00063796  5.00089148  8.7383263  10.69720586
 10.69653916 15.05036315]

       k =  0.000000  0.000000  0.000000 ik =  0 spin = 1
   n         Emf          Eo           X        SX-X          CH         Sig         Vxc        Eqp0        Eqp1         CH`        Sig`       Eqp0`       Eqp1`         Znk
   0   -5.636252   -5.636252  -17.549884   12.244001   -6.205624  -11.511507  -10.503148   -6.644611   -6.357109   -5.796971  -11.102854   -6.235958   -6.064971    0.714882
   1    6.473729    6.473729  -12.974822    8.177396   -6.731573  -11.528999  -11.369437    6.314166    6.339702   -5.402770  -10.200196    7.642969    7.455853    0.839968
   2    6.473729    6.473729  -12.974831    8.177290   -6.731654  -11.529194  -11.369437    6.313972    6.339538   -5.402952  -10.200492    7.642673    7.455607    0.839969
   3    6.473729    6.473729  -12.975007    8.179151   -6.732627  -11.528483  -11.369437    6.314683    6.340136   -5.403625  -10.199481    7.643685    7.456446    0.839961
   4    9.026401    9.026401   -5.765471    3.299504   -6.637452   -9.103419  -10.061240    9.984222    9.822063   -5.343055   -7.809022   11.278619   10.897317    0.830699
   5    9.026401    9.026401   -5.765549    3.295142   -6.633955   -9.104362  -10.061240    9.983279    9.821290   -5.339411   -7.809818   11.277823   10.896680    0.830710
   6    9.026402    9.026402   -5.765526    3.293741   -6.632841   -9.104626  -10.061240    9.983016    9.821071   -5.338318   -7.810103   11.277539   10.896445    0.830711
   7   10.004560   10.004560   -5.831179    3.369040   -7.257696   -9.719835  -10.941357   11.226082   11.024273   -5.721539   -8.183679   12.762238   12.306639    0.834789

       k =  0.000000  0.000000  0.250000 ik =  1 spin = 1
   n         Emf          Eo           X        SX-X          CH         Sig         Vxc        Eqp0        Eqp1         CH`        Sig`       Eqp0`       Eqp1`         Znk
   0   -1.422121   -1.422121  -16.038817   10.837718   -6.507122  -11.708221  -10.892168   -2.238174   -2.054744   -5.847166  -11.048265   -1.578218   -1.543131    0.775223
   1   -1.422121   -1.422121  -16.038783   10.846432   -6.508944  -11.701295  -10.892168   -2.231248   -2.049246   -5.848846  -11.041198   -1.571151   -1.537628    0.775063
   2    3.560636    3.560636  -13.417484    8.837445   -6.511719  -11.091758  -10.629376    3.098254    3.182812   -5.558952  -10.138990    4.051021    3.961343    0.817126
   3    3.560636    3.560636  -13.417604    8.838796   -6.512693  -11.091500  -10.629376    3.098512    3.183009   -5.559546  -10.138353    4.051659    3.961878    0.817155
   4    7.119662    7.119662   -5.196542    2.865028   -6.029553   -8.361067   -9.007605    7.766200    7.659908   -4.982279   -7.313792    8.813474    8.535009    0.835598
   5    7.119662    7.119662   -5.196182    2.866944   -6.030142   -8.359381   -9.007605    7.767886    7.661310   -4.983489   -7.312728    8.814539    8.535879    0.835587
   6   16.729138   16.729138   -3.789598    1.737119   -6.728044   -8.780523  -10.569847   18.518462   18.182164   -4.621282   -6.673761   20.625224   19.892966    0.812053
   7   16.729138   16.729138   -3.789626    1.738718   -6.729556   -8.780465  -10.569847   18.518520   18.182636   -4.622659   -6.673568   20.625417   19.894048    0.812290

       k =  0.000000  0.000000  0.500000 ik =  2 spin = 1
   n         Emf          Eo           X        SX-X          CH         Sig         Vxc        Eqp0        Eqp1         CH`        Sig`       Eqp0`       Eqp1`         Znk
   0   -3.256064   -3.256064  -16.918911   11.549632   -6.445322  -11.814601  -10.897825   -4.172840   -3.948708   -5.879219  -11.248498   -3.606737   -3.521005    0.755521
   1   -0.604712   -0.604712  -14.908715   10.174681   -6.265240  -10.999275  -10.226789   -1.377198   -1.206429   -5.642410  -10.376444   -0.754368   -0.721284    0.778936
   2    5.252897    5.252897  -13.204516    8.500311   -6.705778  -11.409982  -11.105713    4.948628    5.000638   -5.572366  -10.276571    6.082040    5.940311    0.829066
   3    5.252897    5.252897  -13.204341    8.502014   -6.707350  -11.409677  -11.105713    4.948933    5.000891   -5.573928  -10.276255    6.082355    5.940571    0.829064
   4    8.045860    8.045860   -5.934488    3.299176   -6.665469   -9.300781  -10.131846    8.876925    8.738326   -5.446918   -8.082230   10.095476    9.753657    0.833228
   5    9.785203    9.785203   -5.081664    2.792414   -6.308307   -8.597556   -9.683734   10.871382   10.697206   -4.891657   -7.180907   12.288031   11.886687    0.839643
   6    9.785203    9.785203   -5.081758    2.789613   -6.306191   -8.598336   -9.683735   10.870602   10.696539   -4.889580   -7.181725   12.287213   11.885972    0.839632
   7   14.194395   14.194395   -2.406364    1.089914   -5.400501   -6.716952   -7.738980   15.216422   15.050363   -3.771960   -5.088410   16.844964   16.414299    0.837520
