Quantum MASALA
 - Project Git Info:
    - Commit hash:          829e78595e098e79b86ebe8dd2af64b456c339b8
    - Commit date and time: Saturday, 19 October, 2024 23:06:48
=========================================
SCF Parameters:

dftcomm         = DFTCommMod(image_comm.size=72, n_kgrp=1, n_bgrp=1, pwgrp_size=72)
crystal         = Crystal(
    reallat=Lattice parameter 'alat' :   61.20000  a.u.
Unit cell volume         :  57305.23200  (a.u.)^3
Number of atoms/cell     : 1
Number of atomic types   : 1
Number of electrons      : 16

Crystal Axes: coordinates in units of 'alat' (61.20000 a.u.)
    a(1) = (-0.50000,  0.00000,  0.50000)
    a(2) = ( 0.00000,  0.50000,  0.50000)
    a(3) = (-0.50000,  0.50000,  0.00000)

Reciprocal Axes: coordinates in units of 'tpiba' (0.10267 (a.u.)^-1)
    b(1) = (-1.00000, -1.00000,  1.00000)
    b(2) = ( 1.00000,  1.00000,  1.00000)
    b(3) = (-1.00000,  1.00000, -1.00000), 
    l_atoms=[
    	BasisAtoms(
    	  label='si', 
    	  ppdata.filename=Si_ONCV_PBE-1.2.upf, 
    	  ppdata.md5_checksum=7f029a58b69e3aa87b46a36c608bf45e, 
    	  mass=28.086, 
    	  r_cryst=
    	    [0.14583333, 0.14583333, 0.14583333],
    	    [0.02083333, 0.02083333, 0.02083333],
    	    [0.14583333, 0.14583333, 0.3125    ],
    	    [0.02083333, 0.02083333, 0.1875    ],
    	    [0.14583333, 0.14583333, 0.47916667],
    	    [0.02083333, 0.02083333, 0.35416667],
    	    [0.14583333, 0.14583333, 0.64583333],
    	    [0.02083333, 0.02083333, 0.52083333],
    	    [0.14583333, 0.14583333, 0.8125    ],
    	    [0.02083333, 0.02083333, 0.6875    ],
    	    [0.14583333, 0.14583333, 0.97916667],
    	    [0.02083333, 0.02083333, 0.85416667],
    	    [0.14583333, 0.3125    , 0.14583333],
    	    [0.02083333, 0.1875    , 0.02083333],
    	    [0.14583333, 0.3125    , 0.3125    ],
    	    [0.02083333, 0.1875    , 0.1875    ],
    	    [0.14583333, 0.3125    , 0.47916667],
    	    [0.02083333, 0.1875    , 0.35416667],
    	    [0.14583333, 0.3125    , 0.64583333],
    	    [0.02083333, 0.1875    , 0.52083333],
    	    [0.14583333, 0.3125    , 0.8125    ],
    	    [0.02083333, 0.1875    , 0.6875    ],
    	    [0.14583333, 0.3125    , 0.97916667],
    	    [0.02083333, 0.1875    , 0.85416667],
    	    [0.14583333, 0.47916667, 0.14583333],
    	    [0.02083333, 0.35416667, 0.02083333],
    	    [0.14583333, 0.47916667, 0.3125    ],
    	    [0.02083333, 0.35416667, 0.1875    ],
    	    [0.14583333, 0.47916667, 0.47916667],
    	    [0.02083333, 0.35416667, 0.35416667],
    	    [0.14583333, 0.47916667, 0.64583333],
    	    [0.02083333, 0.35416667, 0.52083333],
    	    [0.14583333, 0.47916667, 0.8125    ],
    	    [0.02083333, 0.35416667, 0.6875    ],
    	    [0.14583333, 0.47916667, 0.97916667],
    	    [0.02083333, 0.35416667, 0.85416667],
    	    [0.14583333, 0.64583333, 0.14583333],
    	    [0.02083333, 0.52083333, 0.02083333],
    	    [0.14583333, 0.64583333, 0.3125    ],
    	    [0.02083333, 0.52083333, 0.1875    ],
    	    [0.14583333, 0.64583333, 0.47916667],
    	    [0.02083333, 0.52083333, 0.35416667],
    	    [0.14583333, 0.64583333, 0.64583333],
    	    [0.02083333, 0.52083333, 0.52083333],
    	    [0.14583333, 0.64583333, 0.8125    ],
    	    [0.02083333, 0.52083333, 0.6875    ],
    	    [0.14583333, 0.64583333, 0.97916667],
    	    [0.02083333, 0.52083333, 0.85416667],
    	    [0.14583333, 0.8125    , 0.14583333],
    	    [0.02083333, 0.6875    , 0.02083333],
    	    [0.14583333, 0.8125    , 0.3125    ],
    	    [0.02083333, 0.6875    , 0.1875    ],
    	    [0.14583333, 0.8125    , 0.47916667],
    	    [0.02083333, 0.6875    , 0.35416667],
    	    [0.14583333, 0.8125    , 0.64583333],
    	    [0.02083333, 0.6875    , 0.52083333],
    	    [0.14583333, 0.8125    , 0.8125    ],
    	    [0.02083333, 0.6875    , 0.6875    ],
    	    [0.14583333, 0.8125    , 0.97916667],
    	    [0.02083333, 0.6875    , 0.85416667],
    	    [0.14583333, 0.97916667, 0.14583333],
    	    [0.02083333, 0.85416667, 0.02083333],
    	    [0.14583333, 0.97916667, 0.3125    ],
    	    [0.02083333, 0.85416667, 0.1875    ],
    	    [0.14583333, 0.97916667, 0.47916667],
    	    [0.02083333, 0.85416667, 0.35416667],
    	    [0.14583333, 0.97916667, 0.64583333],
    	    [0.02083333, 0.85416667, 0.52083333],
    	    [0.14583333, 0.97916667, 0.8125    ],
    	    [0.02083333, 0.85416667, 0.6875    ],
    	    [0.14583333, 0.97916667, 0.97916667],
    	    [0.02083333, 0.85416667, 0.85416667],
    	    [0.3125    , 0.14583333, 0.14583333],
    	    [0.1875    , 0.02083333, 0.02083333],
    	    [0.3125    , 0.14583333, 0.3125    ],
    	    [0.1875    , 0.02083333, 0.1875    ],
    	    [0.3125    , 0.14583333, 0.47916667],
    	    [0.1875    , 0.02083333, 0.35416667],
    	    [0.3125    , 0.14583333, 0.64583333],
    	    [0.1875    , 0.02083333, 0.52083333],
    	    [0.3125    , 0.14583333, 0.8125    ],
    	    [0.1875    , 0.02083333, 0.6875    ],
    	    [0.3125    , 0.14583333, 0.97916667],
    	    [0.1875    , 0.02083333, 0.85416667],
    	    [0.3125    , 0.3125    , 0.14583333],
    	    [0.1875    , 0.1875    , 0.02083333],
    	    [0.3125, 0.3125, 0.3125],
    	    [0.1875, 0.1875, 0.1875],
    	    [0.3125    , 0.3125    , 0.47916667],
    	    [0.1875    , 0.1875    , 0.35416667],
    	    [0.3125    , 0.3125    , 0.64583333],
    	    [0.1875    , 0.1875    , 0.52083333],
    	    [0.3125, 0.3125, 0.8125],
    	    [0.1875, 0.1875, 0.6875],
    	    [0.3125    , 0.3125    , 0.97916667],
    	    [0.1875    , 0.1875    , 0.85416667],
    	    [0.3125    , 0.47916667, 0.14583333],
    	    [0.1875    , 0.35416667, 0.02083333],
    	    [0.3125    , 0.47916667, 0.3125    ],
    	    [0.1875    , 0.35416667, 0.1875    ],
    	    [0.3125    , 0.47916667, 0.47916667],
    	    [0.1875    , 0.35416667, 0.35416667],
    	    [0.3125    , 0.47916667, 0.64583333],
    	    [0.1875    , 0.35416667, 0.52083333],
    	    [0.3125    , 0.47916667, 0.8125    ],
    	    [0.1875    , 0.35416667, 0.6875    ],
    	    [0.3125    , 0.47916667, 0.97916667],
    	    [0.1875    , 0.35416667, 0.85416667],
    	    [0.3125    , 0.64583333, 0.14583333],
    	    [0.1875    , 0.52083333, 0.02083333],
    	    [0.3125    , 0.64583333, 0.3125    ],
    	    [0.1875    , 0.52083333, 0.1875    ],
    	    [0.3125    , 0.64583333, 0.47916667],
    	    [0.1875    , 0.52083333, 0.35416667],
    	    [0.3125    , 0.64583333, 0.64583333],
    	    [0.1875    , 0.52083333, 0.52083333],
    	    [0.3125    , 0.64583333, 0.8125    ],
    	    [0.1875    , 0.52083333, 0.6875    ],
    	    [0.3125    , 0.64583333, 0.97916667],
    	    [0.1875    , 0.52083333, 0.85416667],
    	    [0.3125    , 0.8125    , 0.14583333],
    	    [0.1875    , 0.6875    , 0.02083333],
    	    [0.3125, 0.8125, 0.3125],
    	    [0.1875, 0.6875, 0.1875],
    	    [0.3125    , 0.8125    , 0.47916667],
    	    [0.1875    , 0.6875    , 0.35416667],
    	    [0.3125    , 0.8125    , 0.64583333],
    	    [0.1875    , 0.6875    , 0.52083333],
    	    [0.3125, 0.8125, 0.8125],
    	    [0.1875, 0.6875, 0.6875],
    	    [0.3125    , 0.8125    , 0.97916667],
    	    [0.1875    , 0.6875    , 0.85416667],
    	    [0.3125    , 0.97916667, 0.14583333],
    	    [0.1875    , 0.85416667, 0.02083333],
    	    [0.3125    , 0.97916667, 0.3125    ],
    	    [0.1875    , 0.85416667, 0.1875    ],
    	    [0.3125    , 0.97916667, 0.47916667],
    	    [0.1875    , 0.85416667, 0.35416667],
    	    [0.3125    , 0.97916667, 0.64583333],
    	    [0.1875    , 0.85416667, 0.52083333],
    	    [0.3125    , 0.97916667, 0.8125    ],
    	    [0.1875    , 0.85416667, 0.6875    ],
    	    [0.3125    , 0.97916667, 0.97916667],
    	    [0.1875    , 0.85416667, 0.85416667],
    	    [0.47916667, 0.14583333, 0.14583333],
    	    [0.35416667, 0.02083333, 0.02083333],
    	    [0.47916667, 0.14583333, 0.3125    ],
    	    [0.35416667, 0.02083333, 0.1875    ],
    	    [0.47916667, 0.14583333, 0.47916667],
    	    [0.35416667, 0.02083333, 0.35416667],
    	    [0.47916667, 0.14583333, 0.64583333],
    	    [0.35416667, 0.02083333, 0.52083333],
    	    [0.47916667, 0.14583333, 0.8125    ],
    	    [0.35416667, 0.02083333, 0.6875    ],
    	    [0.47916667, 0.14583333, 0.97916667],
    	    [0.35416667, 0.02083333, 0.85416667],
    	    [0.47916667, 0.3125    , 0.14583333],
    	    [0.35416667, 0.1875    , 0.02083333],
    	    [0.47916667, 0.3125    , 0.3125    ],
    	    [0.35416667, 0.1875    , 0.1875    ],
    	    [0.47916667, 0.3125    , 0.47916667],
    	    [0.35416667, 0.1875    , 0.35416667],
    	    [0.47916667, 0.3125    , 0.64583333],
    	    [0.35416667, 0.1875    , 0.52083333],
    	    [0.47916667, 0.3125    , 0.8125    ],
    	    [0.35416667, 0.1875    , 0.6875    ],
    	    [0.47916667, 0.3125    , 0.97916667],
    	    [0.35416667, 0.1875    , 0.85416667],
    	    [0.47916667, 0.47916667, 0.14583333],
    	    [0.35416667, 0.35416667, 0.02083333],
    	    [0.47916667, 0.47916667, 0.3125    ],
    	    [0.35416667, 0.35416667, 0.1875    ],
    	    [0.47916667, 0.47916667, 0.47916667],
    	    [0.35416667, 0.35416667, 0.35416667],
    	    [0.47916667, 0.47916667, 0.64583333],
    	    [0.35416667, 0.35416667, 0.52083333],
    	    [0.47916667, 0.47916667, 0.8125    ],
    	    [0.35416667, 0.35416667, 0.6875    ],
    	    [0.47916667, 0.47916667, 0.97916667],
    	    [0.35416667, 0.35416667, 0.85416667],
    	    [0.47916667, 0.64583333, 0.14583333],
    	    [0.35416667, 0.52083333, 0.02083333],
    	    [0.47916667, 0.64583333, 0.3125    ],
    	    [0.35416667, 0.52083333, 0.1875    ],
    	    [0.47916667, 0.64583333, 0.47916667],
    	    [0.35416667, 0.52083333, 0.35416667],
    	    [0.47916667, 0.64583333, 0.64583333],
    	    [0.35416667, 0.52083333, 0.52083333],
    	    [0.47916667, 0.64583333, 0.8125    ],
    	    [0.35416667, 0.52083333, 0.6875    ],
    	    [0.47916667, 0.64583333, 0.97916667],
    	    [0.35416667, 0.52083333, 0.85416667],
    	    [0.47916667, 0.8125    , 0.14583333],
    	    [0.35416667, 0.6875    , 0.02083333],
    	    [0.47916667, 0.8125    , 0.3125    ],
    	    [0.35416667, 0.6875    , 0.1875    ],
    	    [0.47916667, 0.8125    , 0.47916667],
    	    [0.35416667, 0.6875    , 0.35416667],
    	    [0.47916667, 0.8125    , 0.64583333],
    	    [0.35416667, 0.6875    , 0.52083333],
    	    [0.47916667, 0.8125    , 0.8125    ],
    	    [0.35416667, 0.6875    , 0.6875    ],
    	    [0.47916667, 0.8125    , 0.97916667],
    	    [0.35416667, 0.6875    , 0.85416667],
    	    [0.47916667, 0.97916667, 0.14583333],
    	    [0.35416667, 0.85416667, 0.02083333],
    	    [0.47916667, 0.97916667, 0.3125    ],
    	    [0.35416667, 0.85416667, 0.1875    ],
    	    [0.47916667, 0.97916667, 0.47916667],
    	    [0.35416667, 0.85416667, 0.35416667],
    	    [0.47916667, 0.97916667, 0.64583333],
    	    [0.35416667, 0.85416667, 0.52083333],
    	    [0.47916667, 0.97916667, 0.8125    ],
    	    [0.35416667, 0.85416667, 0.6875    ],
    	    [0.47916667, 0.97916667, 0.97916667],
    	    [0.35416667, 0.85416667, 0.85416667],
    	    [0.64583333, 0.14583333, 0.14583333],
    	    [0.52083333, 0.02083333, 0.02083333],
    	    [0.64583333, 0.14583333, 0.3125    ],
    	    [0.52083333, 0.02083333, 0.1875    ],
    	    [0.64583333, 0.14583333, 0.47916667],
    	    [0.52083333, 0.02083333, 0.35416667],
    	    [0.64583333, 0.14583333, 0.64583333],
    	    [0.52083333, 0.02083333, 0.52083333],
    	    [0.64583333, 0.14583333, 0.8125    ],
    	    [0.52083333, 0.02083333, 0.6875    ],
    	    [0.64583333, 0.14583333, 0.97916667],
    	    [0.52083333, 0.02083333, 0.85416667],
    	    [0.64583333, 0.3125    , 0.14583333],
    	    [0.52083333, 0.1875    , 0.02083333],
    	    [0.64583333, 0.3125    , 0.3125    ],
    	    [0.52083333, 0.1875    , 0.1875    ],
    	    [0.64583333, 0.3125    , 0.47916667],
    	    [0.52083333, 0.1875    , 0.35416667],
    	    [0.64583333, 0.3125    , 0.64583333],
    	    [0.52083333, 0.1875    , 0.52083333],
    	    [0.64583333, 0.3125    , 0.8125    ],
    	    [0.52083333, 0.1875    , 0.6875    ],
    	    [0.64583333, 0.3125    , 0.97916667],
    	    [0.52083333, 0.1875    , 0.85416667],
    	    [0.64583333, 0.47916667, 0.14583333],
    	    [0.52083333, 0.35416667, 0.02083333],
    	    [0.64583333, 0.47916667, 0.3125    ],
    	    [0.52083333, 0.35416667, 0.1875    ],
    	    [0.64583333, 0.47916667, 0.47916667],
    	    [0.52083333, 0.35416667, 0.35416667],
    	    [0.64583333, 0.47916667, 0.64583333],
    	    [0.52083333, 0.35416667, 0.52083333],
    	    [0.64583333, 0.47916667, 0.8125    ],
    	    [0.52083333, 0.35416667, 0.6875    ],
    	    [0.64583333, 0.47916667, 0.97916667],
    	    [0.52083333, 0.35416667, 0.85416667],
    	    [0.64583333, 0.64583333, 0.14583333],
    	    [0.52083333, 0.52083333, 0.02083333],
    	    [0.64583333, 0.64583333, 0.3125    ],
    	    [0.52083333, 0.52083333, 0.1875    ],
    	    [0.64583333, 0.64583333, 0.47916667],
    	    [0.52083333, 0.52083333, 0.35416667],
    	    [0.64583333, 0.64583333, 0.64583333],
    	    [0.52083333, 0.52083333, 0.52083333],
    	    [0.64583333, 0.64583333, 0.8125    ],
    	    [0.52083333, 0.52083333, 0.6875    ],
    	    [0.64583333, 0.64583333, 0.97916667],
    	    [0.52083333, 0.52083333, 0.85416667],
    	    [0.64583333, 0.8125    , 0.14583333],
    	    [0.52083333, 0.6875    , 0.02083333],
    	    [0.64583333, 0.8125    , 0.3125    ],
    	    [0.52083333, 0.6875    , 0.1875    ],
    	    [0.64583333, 0.8125    , 0.47916667],
    	    [0.52083333, 0.6875    , 0.35416667],
    	    [0.64583333, 0.8125    , 0.64583333],
    	    [0.52083333, 0.6875    , 0.52083333],
    	    [0.64583333, 0.8125    , 0.8125    ],
    	    [0.52083333, 0.6875    , 0.6875    ],
    	    [0.64583333, 0.8125    , 0.97916667],
    	    [0.52083333, 0.6875    , 0.85416667],
    	    [0.64583333, 0.97916667, 0.14583333],
    	    [0.52083333, 0.85416667, 0.02083333],
    	    [0.64583333, 0.97916667, 0.3125    ],
    	    [0.52083333, 0.85416667, 0.1875    ],
    	    [0.64583333, 0.97916667, 0.47916667],
    	    [0.52083333, 0.85416667, 0.35416667],
    	    [0.64583333, 0.97916667, 0.64583333],
    	    [0.52083333, 0.85416667, 0.52083333],
    	    [0.64583333, 0.97916667, 0.8125    ],
    	    [0.52083333, 0.85416667, 0.6875    ],
    	    [0.64583333, 0.97916667, 0.97916667],
    	    [0.52083333, 0.85416667, 0.85416667],
    	    [0.8125    , 0.14583333, 0.14583333],
    	    [0.6875    , 0.02083333, 0.02083333],
    	    [0.8125    , 0.14583333, 0.3125    ],
    	    [0.6875    , 0.02083333, 0.1875    ],
    	    [0.8125    , 0.14583333, 0.47916667],
    	    [0.6875    , 0.02083333, 0.35416667],
    	    [0.8125    , 0.14583333, 0.64583333],
    	    [0.6875    , 0.02083333, 0.52083333],
    	    [0.8125    , 0.14583333, 0.8125    ],
    	    [0.6875    , 0.02083333, 0.6875    ],
    	    [0.8125    , 0.14583333, 0.97916667],
    	    [0.6875    , 0.02083333, 0.85416667],
    	    [0.8125    , 0.3125    , 0.14583333],
    	    [0.6875    , 0.1875    , 0.02083333],
    	    [0.8125, 0.3125, 0.3125],
    	    [0.6875, 0.1875, 0.1875],
    	    [0.8125    , 0.3125    , 0.47916667],
    	    [0.6875    , 0.1875    , 0.35416667],
    	    [0.8125    , 0.3125    , 0.64583333],
    	    [0.6875    , 0.1875    , 0.52083333],
    	    [0.8125, 0.3125, 0.8125],
    	    [0.6875, 0.1875, 0.6875],
    	    [0.8125    , 0.3125    , 0.97916667],
    	    [0.6875    , 0.1875    , 0.85416667],
    	    [0.8125    , 0.47916667, 0.14583333],
    	    [0.6875    , 0.35416667, 0.02083333],
    	    [0.8125    , 0.47916667, 0.3125    ],
    	    [0.6875    , 0.35416667, 0.1875    ],
    	    [0.8125    , 0.47916667, 0.47916667],
    	    [0.6875    , 0.35416667, 0.35416667],
    	    [0.8125    , 0.47916667, 0.64583333],
    	    [0.6875    , 0.35416667, 0.52083333],
    	    [0.8125    , 0.47916667, 0.8125    ],
    	    [0.6875    , 0.35416667, 0.6875    ],
    	    [0.8125    , 0.47916667, 0.97916667],
    	    [0.6875    , 0.35416667, 0.85416667],
    	    [0.8125    , 0.64583333, 0.14583333],
    	    [0.6875    , 0.52083333, 0.02083333],
    	    [0.8125    , 0.64583333, 0.3125    ],
    	    [0.6875    , 0.52083333, 0.1875    ],
    	    [0.8125    , 0.64583333, 0.47916667],
    	    [0.6875    , 0.52083333, 0.35416667],
    	    [0.8125    , 0.64583333, 0.64583333],
    	    [0.6875    , 0.52083333, 0.52083333],
    	    [0.8125    , 0.64583333, 0.8125    ],
    	    [0.6875    , 0.52083333, 0.6875    ],
    	    [0.8125    , 0.64583333, 0.97916667],
    	    [0.6875    , 0.52083333, 0.85416667],
    	    [0.8125    , 0.8125    , 0.14583333],
    	    [0.6875    , 0.6875    , 0.02083333],
    	    [0.8125, 0.8125, 0.3125],
    	    [0.6875, 0.6875, 0.1875],
    	    [0.8125    , 0.8125    , 0.47916667],
    	    [0.6875    , 0.6875    , 0.35416667],
    	    [0.8125    , 0.8125    , 0.64583333],
    	    [0.6875    , 0.6875    , 0.52083333],
    	    [0.8125, 0.8125, 0.8125],
    	    [0.6875, 0.6875, 0.6875],
    	    [0.8125    , 0.8125    , 0.97916667],
    	    [0.6875    , 0.6875    , 0.85416667],
    	    [0.8125    , 0.97916667, 0.14583333],
    	    [0.6875    , 0.85416667, 0.02083333],
    	    [0.8125    , 0.97916667, 0.3125    ],
    	    [0.6875    , 0.85416667, 0.1875    ],
    	    [0.8125    , 0.97916667, 0.47916667],
    	    [0.6875    , 0.85416667, 0.35416667],
    	    [0.8125    , 0.97916667, 0.64583333],
    	    [0.6875    , 0.85416667, 0.52083333],
    	    [0.8125    , 0.97916667, 0.8125    ],
    	    [0.6875    , 0.85416667, 0.6875    ],
    	    [0.8125    , 0.97916667, 0.97916667],
    	    [0.6875    , 0.85416667, 0.85416667],
    	    [0.97916667, 0.14583333, 0.14583333],
    	    [0.85416667, 0.02083333, 0.02083333],
    	    [0.97916667, 0.14583333, 0.3125    ],
    	    [0.85416667, 0.02083333, 0.1875    ],
    	    [0.97916667, 0.14583333, 0.47916667],
    	    [0.85416667, 0.02083333, 0.35416667],
    	    [0.97916667, 0.14583333, 0.64583333],
    	    [0.85416667, 0.02083333, 0.52083333],
    	    [0.97916667, 0.14583333, 0.8125    ],
    	    [0.85416667, 0.02083333, 0.6875    ],
    	    [0.97916667, 0.14583333, 0.97916667],
    	    [0.85416667, 0.02083333, 0.85416667],
    	    [0.97916667, 0.3125    , 0.14583333],
    	    [0.85416667, 0.1875    , 0.02083333],
    	    [0.97916667, 0.3125    , 0.3125    ],
    	    [0.85416667, 0.1875    , 0.1875    ],
    	    [0.97916667, 0.3125    , 0.47916667],
    	    [0.85416667, 0.1875    , 0.35416667],
    	    [0.97916667, 0.3125    , 0.64583333],
    	    [0.85416667, 0.1875    , 0.52083333],
    	    [0.97916667, 0.3125    , 0.8125    ],
    	    [0.85416667, 0.1875    , 0.6875    ],
    	    [0.97916667, 0.3125    , 0.97916667],
    	    [0.85416667, 0.1875    , 0.85416667],
    	    [0.97916667, 0.47916667, 0.14583333],
    	    [0.85416667, 0.35416667, 0.02083333],
    	    [0.97916667, 0.47916667, 0.3125    ],
    	    [0.85416667, 0.35416667, 0.1875    ],
    	    [0.97916667, 0.47916667, 0.47916667],
    	    [0.85416667, 0.35416667, 0.35416667],
    	    [0.97916667, 0.47916667, 0.64583333],
    	    [0.85416667, 0.35416667, 0.52083333],
    	    [0.97916667, 0.47916667, 0.8125    ],
    	    [0.85416667, 0.35416667, 0.6875    ],
    	    [0.97916667, 0.47916667, 0.97916667],
    	    [0.85416667, 0.35416667, 0.85416667],
    	    [0.97916667, 0.64583333, 0.14583333],
    	    [0.85416667, 0.52083333, 0.02083333],
    	    [0.97916667, 0.64583333, 0.3125    ],
    	    [0.85416667, 0.52083333, 0.1875    ],
    	    [0.97916667, 0.64583333, 0.47916667],
    	    [0.85416667, 0.52083333, 0.35416667],
    	    [0.97916667, 0.64583333, 0.64583333],
    	    [0.85416667, 0.52083333, 0.52083333],
    	    [0.97916667, 0.64583333, 0.8125    ],
    	    [0.85416667, 0.52083333, 0.6875    ],
    	    [0.97916667, 0.64583333, 0.97916667],
    	    [0.85416667, 0.52083333, 0.85416667],
    	    [0.97916667, 0.8125    , 0.14583333],
    	    [0.85416667, 0.6875    , 0.02083333],
    	    [0.97916667, 0.8125    , 0.3125    ],
    	    [0.85416667, 0.6875    , 0.1875    ],
    	    [0.97916667, 0.8125    , 0.47916667],
    	    [0.85416667, 0.6875    , 0.35416667],
    	    [0.97916667, 0.8125    , 0.64583333],
    	    [0.85416667, 0.6875    , 0.52083333],
    	    [0.97916667, 0.8125    , 0.8125    ],
    	    [0.85416667, 0.6875    , 0.6875    ],
    	    [0.97916667, 0.8125    , 0.97916667],
    	    [0.85416667, 0.6875    , 0.85416667],
    	    [0.97916667, 0.97916667, 0.14583333],
    	    [0.85416667, 0.85416667, 0.02083333],
    	    [0.97916667, 0.97916667, 0.3125    ],
    	    [0.85416667, 0.85416667, 0.1875    ],
    	    [0.97916667, 0.97916667, 0.47916667],
    	    [0.85416667, 0.85416667, 0.35416667],
    	    [0.97916667, 0.97916667, 0.64583333],
    	    [0.85416667, 0.85416667, 0.52083333],
    	    [0.97916667, 0.97916667, 0.8125    ],
    	    [0.85416667, 0.85416667, 0.6875    ],
    	    [0.97916667, 0.97916667, 0.97916667],
    	    [0.85416667, 0.85416667, 0.85416667],
    	  )
    	])
grho            = GSpace(crystal.recilat, ecut_rho=50.0, grid_shape=(144, 144, 144))
grho.num_g      = 15912
gwfn            = GSpace(crystal.recilat, ecut_wfn=50.0, grid_shape=(144, 144, 144))
gwfn.num_g      = 15912
numbnd          = 864
is_spin         = False
is_noncolin     = False
symm_rho        = True
rho_start       = <qtm.mpi.containers.get_DistFieldG.<locals>.DistFieldG object at 0x7fd25e02a890>
wfn_init        = None
libxc_func      = None
occ_typ         = fixed
smear_typ       = gauss
e_temp          = 0.001 # Ha
conv_thr        = 5e-09 # Ha
maxiter         = 100
diago_thr_init  = 0.005
mix_beta        = 0.7
mix_dim         = 8
ret_vxc         = False
dftconfig       = DFTConfig(
                      symm_check_supercell = True,
                      symm_use_all_frac = False,
                      spglib_symprec = 1e-05,
                      eigsolve_method = 'davidson',
                      davidson_maxiter = 20,
                      davidson_numwork = 2,
                      mixing_method = 'modbroyden')
iter_printer    = print_scf_status
kpts            =
    kpt[0]  kpt[1]  kpt[2];  weight
     0.0000  0.0000  0.0000; 1.000000

=========================================
Iteration # 1, Run Time: 231.1 sec
Convergence Status   : NOT Converged
SCF Error           : 1.1170e+01 Ry
Avg Diago Iterations: 13.0
Diago Threshold     : 6.46e-04 Ry

Total Energy:        -3444.30116140 Ry

      one-el:         1049.66527279 Ry
     Hartree:          174.25173491 Ry
          XC:        -1017.87031802 Ry
       Ewald:        -3650.34785109 Ry

    HO Level:            5.95603107 eV
----------------------------------------

Iteration # 2, Run Time: 301.2 sec
Convergence Status   : NOT Converged
SCF Error           : 1.1876e+01 Ry
Avg Diago Iterations: 4.0
Diago Threshold     : 6.46e-04 Ry

Total Energy:        -3448.43752219 Ry

      one-el:         1045.52891201 Ry
     Hartree:          174.25173491 Ry
          XC:        -1017.87031802 Ry
       Ewald:        -3650.34785109 Ry

    HO Level:            5.90910421 eV
----------------------------------------

Iteration # 3, Run Time: 344.0 sec
Convergence Status   : NOT Converged
SCF Error           : 5.2080e-01 Ry
Avg Diago Iterations: 1.0
Diago Threshold     : 3.01e-05 Ry

Total Energy:        -3409.51479437 Ry

      one-el:         1053.57733233 Ry
     Hartree:          227.11249037 Ry
          XC:        -1039.85676598 Ry
       Ewald:        -3650.34785109 Ry

    HO Level:            6.38438530 eV
----------------------------------------

Iteration # 4, Run Time: 421.5 sec
Convergence Status   : NOT Converged
SCF Error           : 1.1011e-02 Ry
Avg Diago Iterations: 5.0
Diago Threshold     : 6.37e-07 Ry

Total Energy:        -3403.02854684 Ry

      one-el:         1055.56104126 Ry
     Hartree:          236.92665260 Ry
          XC:        -1045.16838962 Ry
       Ewald:        -3650.34785109 Ry

    HO Level:            6.45519900 eV
----------------------------------------

Iteration # 5, Run Time: 540.4 sec
Convergence Status   : NOT Converged
SCF Error           : 1.8122e-02 Ry
Avg Diago Iterations: 10.0
Diago Threshold     : 6.37e-07 Ry

Total Energy:        -3404.47561423 Ry

      one-el:         1055.42208400 Ry
     Hartree:          235.02675042 Ry
          XC:        -1044.57659756 Ry
       Ewald:        -3650.34785109 Ry

    HO Level:            6.43718753 eV
----------------------------------------

Iteration # 6, Run Time: 596.6 sec
Convergence Status   : NOT Converged
SCF Error           : 2.6794e-04 Ry
Avg Diago Iterations: 3.0
Diago Threshold     : 1.55e-08 Ry

Total Energy:        -3404.47380793 Ry

      one-el:         1055.42331891 Ry
     Hartree:          235.03743369 Ry
          XC:        -1044.58670945 Ry
       Ewald:        -3650.34785109 Ry

    HO Level:            6.43654041 eV
----------------------------------------

Iteration # 7, Run Time: 686.3 sec
Convergence Status   : NOT Converged
SCF Error           : 5.8409e-04 Ry
Avg Diago Iterations: 6.0
Diago Threshold     : 1.55e-08 Ry

Total Energy:        -3404.43873156 Ry

      one-el:         1055.42682567 Ry
     Hartree:          235.10876827 Ry
          XC:        -1044.62647441 Ry
       Ewald:        -3650.34785109 Ry

    HO Level:            6.43705262 eV
----------------------------------------

Iteration # 8, Run Time: 747.6 sec
Convergence Status   : NOT Converged
SCF Error           : 2.3871e-04 Ry
Avg Diago Iterations: 3.0
Diago Threshold     : 1.38e-08 Ry

Total Energy:        -3404.40128771 Ry

      one-el:         1055.42993825 Ry
     Hartree:          235.18256527 Ry
          XC:        -1044.66594014 Ry
       Ewald:        -3650.34785109 Ry

    HO Level:            6.43761038 eV
----------------------------------------

Iteration # 9, Run Time: 792.3 sec
Convergence Status   : NOT Converged
SCF Error           : 1.0308e-04 Ry
Avg Diago Iterations: 2.0
Diago Threshold     : 5.97e-09 Ry

Total Energy:        -3404.39336464 Ry

      one-el:         1055.43099377 Ry
     Hartree:          235.19478561 Ry
          XC:        -1044.67129292 Ry
       Ewald:        -3650.34785109 Ry

    HO Level:            6.43770013 eV
----------------------------------------

Iteration # 10, Run Time: 840.1 sec
Convergence Status   : NOT Converged
SCF Error           : 2.3470e-05 Ry
Avg Diago Iterations: 2.0
Diago Threshold     : 1.36e-09 Ry

Total Energy:        -3404.39128694 Ry

      one-el:         1055.43109407 Ry
     Hartree:          235.19676927 Ry
          XC:        -1044.67129919 Ry
       Ewald:        -3650.34785109 Ry

    HO Level:            6.43771879 eV
----------------------------------------

Iteration # 11, Run Time: 909.8 sec
Convergence Status   : NOT Converged
SCF Error           : 1.2857e-06 Ry
Avg Diago Iterations: 5.0
Diago Threshold     : 7.44e-11 Ry

Total Energy:        -3404.39068537 Ry

      one-el:         1055.43108794 Ry
     Hartree:          235.19660480 Ry
          XC:        -1044.67052703 Ry
       Ewald:        -3650.34785109 Ry

    HO Level:            6.43772044 eV
----------------------------------------

Iteration # 12, Run Time: 1009.3 sec
Convergence Status   : NOT Converged
SCF Error           : 8.5912e-06 Ry
Avg Diago Iterations: 7.0
Diago Threshold     : 7.44e-11 Ry

Total Energy:        -3404.39110151 Ry

      one-el:         1055.43084235 Ry
     Hartree:          235.19473172 Ry
          XC:        -1044.66882449 Ry
       Ewald:        -3650.34785109 Ry

    HO Level:            6.43770909 eV
----------------------------------------

Iteration # 13, Run Time: 1085.2 sec
Convergence Status   : NOT Converged
SCF Error           : 4.8367e-07 Ry
Avg Diago Iterations: 4.0
Diago Threshold     : 2.80e-11 Ry

Total Energy:        -3404.39298303 Ry

      one-el:         1055.43051602 Ry
     Hartree:          235.19215541 Ry
          XC:        -1044.66780338 Ry
       Ewald:        -3650.34785109 Ry

    HO Level:            6.43768673 eV
----------------------------------------

Iteration # 14, Run Time: 1146.0 sec
Convergence Status   : NOT Converged
SCF Error           : 1.9663e-07 Ry
Avg Diago Iterations: 4.0
Diago Threshold     : 1.14e-11 Ry

Total Energy:        -3404.39288818 Ry

      one-el:         1055.43042132 Ry
     Hartree:          235.19240908 Ry
          XC:        -1044.66786749 Ry
       Ewald:        -3650.34785109 Ry

    HO Level:            6.43768876 eV
----------------------------------------

Iteration # 15, Run Time: 1205.0 sec
Convergence Status   : NOT Converged
SCF Error           : 4.3000e-08 Ry
Avg Diago Iterations: 3.0
Diago Threshold     : 2.49e-12 Ry

Total Energy:        -3404.39280391 Ry

      one-el:         1055.43040854 Ry
     Hartree:          235.19255229 Ry
          XC:        -1044.66791364 Ry
       Ewald:        -3650.34785109 Ry

    HO Level:            6.43768998 eV
----------------------------------------

Iteration # 16, Run Time: 1261.0 sec
Convergence Status   : NOT Converged
SCF Error           : 1.9225e-08 Ry
Avg Diago Iterations: 3.0
Diago Threshold     : 1.11e-12 Ry

Total Energy:        -3404.39275660 Ry

      one-el:         1055.43039264 Ry
     Hartree:          235.19262220 Ry
          XC:        -1044.66792034 Ry
       Ewald:        -3650.34785109 Ry

    HO Level:            6.43769065 eV
----------------------------------------

Iteration # 17, Run Time: 1307.0 sec
Convergence Status   :  Converged
SCF Error           : 8.4173e-09 Ry
Avg Diago Iterations: 2.0
Diago Threshold     : 1.11e-12 Ry

Total Energy:        -3404.39264285 Ry

      one-el:         1055.43045606 Ry
     Hartree:          235.19271258 Ry
          XC:        -1044.66796041 Ry
       Ewald:        -3650.34785109 Ry

    HO Level:            6.43769137 eV
----------------------------------------

SCF Converged.
SCF Routine has exited
                          TIMERS                           
-----------------------------------------------------------
|            LABEL             |  CALL  |  TIME  | STATUS  |
-----------------------------------------------------------
|           scf:scf            |       1| 1308.83| STOPPED |
|     rho_generate_atomic      |       1|    0.57| STOPPED |
|         loc_generate         |       1|    0.52| STOPPED |
|          nloc:init           |       1|    0.16| STOPPED |
|          xc_compute          |      17|    1.18| STOPPED |
|       nloc:gen_vkb_dij       |       1|    0.14| STOPPED |
|           davidson           |      17| 1249.57| STOPPED |
|    davidson:compute_hpsi     |      94|  556.76| STOPPED |
|         KSHam:h_psi          |      94|  556.73| STOPPED |
|     davidson:update_red      |      94|  195.43| STOPPED |
|     davidson:expand_psi      |      77|  458.29| STOPPED |
|     davidson:apply_g_psi     |      77|    5.94| STOPPED |
-----------------------------------------------------------


