Quantum MASALA
 - Project Git Info:
    - Commit hash:          829e78595e098e79b86ebe8dd2af64b456c339b8
    - Commit date and time: Saturday, 19 October, 2024 23:06:48
=========================================
SCF Parameters:

dftcomm         = DFTCommMod(image_comm.size=1, n_kgrp=1, n_bgrp=1, pwgrp_size=None)
crystal         = Crystal(
    reallat=Lattice parameter 'alat' :   10.20000  a.u.
Unit cell volume         :  265.30200  (a.u.)^3
Number of atoms/cell     : 1
Number of atomic types   : 1
Number of electrons      : 16

Crystal Axes: coordinates in units of 'alat' (10.20000 a.u.)
    a(1) = (-0.50000,  0.00000,  0.50000)
    a(2) = ( 0.00000,  0.50000,  0.50000)
    a(3) = (-0.50000,  0.50000,  0.00000)

Reciprocal Axes: coordinates in units of 'tpiba' (0.61600 (a.u.)^-1)
    b(1) = (-1.00000, -1.00000,  1.00000)
    b(2) = ( 1.00000,  1.00000,  1.00000)
    b(3) = (-1.00000,  1.00000, -1.00000), 
    l_atoms=[
    	BasisAtoms(
    	  label='si', 
    	  ppdata.filename=Si_ONCV_PBE-1.2.upf, 
    	  ppdata.md5_checksum=7f029a58b69e3aa87b46a36c608bf45e, 
    	  mass=28.086, 
    	  r_cryst=
    	    [0.875, 0.875, 0.875],
    	    [0.125, 0.125, 0.125],
    	  )
    	])
grho            = GSpace(crystal.recilat, ecut_rho=50.0, grid_shape=(24, 24, 24))
grho.num_g      = 4477
gwfn            = GSpace(crystal.recilat, ecut_wfn=50.0, grid_shape=(24, 24, 24))
gwfn.num_g      = 4477
numbnd          = 4
is_spin         = False
is_noncolin     = False
symm_rho        = True
rho_start       = <qtm.containers.field.get_FieldG.<locals>.FieldG object at 0x7effb0166bd0>
wfn_init        = None
libxc_func      = None
occ_typ         = fixed
smear_typ       = gauss
e_temp          = 0.001 # Ha
conv_thr        = 5e-09 # Ha
maxiter         = 100
diago_thr_init  = 0.005
mix_beta        = 0.7
mix_dim         = 8
ret_vxc         = False
dftconfig       = DFTConfig(
                      symm_check_supercell = True,
                      symm_use_all_frac = False,
                      spglib_symprec = 1e-05,
                      eigsolve_method = 'davidson',
                      davidson_maxiter = 20,
                      davidson_numwork = 2,
                      mixing_method = 'modbroyden')
iter_printer    = print_scf_status
kpts            =
    kpt[0]  kpt[1]  kpt[2];  weight
     0.1250  0.1250  0.1250; 0.031250
     0.3750  0.1250  0.1250; 0.093750
     0.6250  0.1250  0.1250; 0.093750
    -0.1250  0.1250  0.1250; 0.093750
     0.3750  0.3750  0.1250; 0.093750
     0.6250  0.3750  0.1250; 0.187500
    -0.1250  0.3750  0.1250; 0.187500
     0.6250  0.6250  0.1250; 0.093750
     0.3750  0.3750  0.3750; 0.031250
     0.6250  0.3750  0.3750; 0.093750

=========================================
Iteration # 1, Run Time:   0.5 sec
Convergence Status   : NOT Converged
SCF Error           : 4.9769e-02 Ry
Avg Diago Iterations: 8.3
Diago Threshold     : 6.22e-04 Ry

Total Energy:          -15.94273025 Ry

      one-el:            4.86267003 Ry
     Hartree:            0.80672099 Ry
          XC:           -4.71236258 Ry
       Ewald:          -16.89975869 Ry

    HO Level:            5.72738818 eV
----------------------------------------

Iteration # 2, Run Time:   0.6 sec
Convergence Status   : NOT Converged
SCF Error           : 5.4023e-02 Ry
Avg Diago Iterations: 2.7
Diago Threshold     : 6.22e-04 Ry

Total Energy:          -15.96410092 Ry

      one-el:            4.84129936 Ry
     Hartree:            0.80672099 Ry
          XC:           -4.71236258 Ry
       Ewald:          -16.89975869 Ry

    HO Level:            5.62840947 eV
----------------------------------------

Iteration # 3, Run Time:   0.6 sec
Convergence Status   : NOT Converged
SCF Error           : 2.3759e-03 Ry
Avg Diago Iterations: 1.0
Diago Threshold     : 2.97e-05 Ry

Total Energy:          -15.78603688 Ry

      one-el:            4.87800892 Ry
     Hartree:            1.04867952 Ry
          XC:           -4.81296663 Ry
       Ewald:          -16.89975869 Ry

    HO Level:            6.08156887 eV
----------------------------------------

Iteration # 4, Run Time:   0.7 sec
Convergence Status   : NOT Converged
SCF Error           : 5.0192e-05 Ry
Avg Diago Iterations: 3.2
Diago Threshold     : 6.27e-07 Ry

Total Energy:          -15.75621834 Ry

      one-el:            4.88718156 Ry
     Hartree:            1.09363859 Ry
          XC:           -4.83727979 Ry
       Ewald:          -16.89975869 Ry

    HO Level:            6.15318045 eV
----------------------------------------

Iteration # 5, Run Time:   0.8 sec
Convergence Status   : NOT Converged
SCF Error           : 3.2409e-07 Ry
Avg Diago Iterations: 5.3
Diago Threshold     : 4.05e-09 Ry

Total Energy:          -15.76275344 Ry

      one-el:            4.88693957 Ry
     Hartree:            1.08444635 Ry
          XC:           -4.83438067 Ry
       Ewald:          -16.89975869 Ry

    HO Level:            6.13467713 eV
----------------------------------------

Iteration # 6, Run Time:   1.0 sec
Convergence Status   : NOT Converged
SCF Error           : 3.0213e-08 Ry
Avg Diago Iterations: 4.2
Diago Threshold     : 3.78e-10 Ry

Total Energy:          -15.76286808 Ry

      one-el:            4.88685513 Ry
     Hartree:            1.08459658 Ry
          XC:           -4.83456110 Ry
       Ewald:          -16.89975869 Ry

    HO Level:            6.13474806 eV
----------------------------------------

Iteration # 7, Run Time:   1.1 sec
Convergence Status   :  Converged
SCF Error           : 6.1719e-09 Ry
Avg Diago Iterations: 3.3
Diago Threshold     : 3.78e-10 Ry

Total Energy:          -15.76267964 Ry

      one-el:            4.88682680 Ry
     Hartree:            1.08493222 Ry
          XC:           -4.83467997 Ry
       Ewald:          -16.89975869 Ry

    HO Level:            6.13536647 eV
----------------------------------------

SCF Converged.
SCF Routine has exited
                          TIMERS                           
-----------------------------------------------------------
|            LABEL             |  CALL  |  TIME  | STATUS  |
-----------------------------------------------------------
|           scf:scf            |       1|    1.13| STOPPED |
|     rho_generate_atomic      |       1|    0.08| STOPPED |
|         loc_generate         |       1|    0.08| STOPPED |
|          nloc:init           |       1|    0.17| STOPPED |
|          xc_compute          |       7|    0.05| STOPPED |
|       nloc:gen_vkb_dij       |      10|    0.01| STOPPED |
|           davidson           |      70|    0.60| STOPPED |
|    davidson:compute_hpsi     |     350|    0.37| STOPPED |
|         KSHam:h_psi          |     350|    0.35| STOPPED |
|     davidson:update_red      |     350|    0.03| STOPPED |
|     davidson:expand_psi      |     280|    0.40| STOPPED |
|     davidson:apply_g_psi     |     280|    0.08| STOPPED |
-----------------------------------------------------------


