Quantum MASALA
 - Project Git Info:
    - Commit hash:          da45fd9cd14721aa9d7d4fdd92bbde38480b3a7d
    - Commit date and time: Monday, 21 October, 2024 20:06:30
Started calculation on 2024-10-22 at 09:37:42.
=========================================
SCF Parameters:

dftcomm        = DFTCommMod(image_comm.size=1, n_kgrp=1, n_bgrp=1, pwgrp_size=None)
crystal        = Crystal(
                  reallat=RealLattice(
                    alat=10.20000, 
                    latvec=
                      [[-5.1  0.  -5.1]
                       [ 0.   5.1  5.1]
                       [ 5.1  5.1  0. ]],
                  ), 
                  l_atoms=[
                    BasisAtoms(
                      label='si', 
                      ppdata.filename=Si_ONCV_PBE-1.2.upf, 
                      ppdata.md5_checksum=7f029a58b69e3aa87b46a36c608bf45e, 
                      ppdata.valence=4, 
                      mass=28.086, 
                      r_cryst=
                        [0.875, 0.875, 0.875],
                        [0.125, 0.125, 0.125],
                      )
                    ])
grho           = GSpace(crystal.recilat, ecut_rho=50.0, grid_shape=(24, 24, 24))
grho.num_g     = 4477
gwfn           = GSpace(crystal.recilat, ecut_wfn=50.0, grid_shape=(24, 24, 24))
gwfn.num_g     = 4477
numbnd         = 4
is_spin        = False
is_noncolin    = False
symm_rho       = True
rho_start      = <qtm.containers.field.get_FieldG.<locals>.FieldG object at 0x7f0198e4a150>
wfn_init       = None
libxc_func     = None
occ_typ        = fixed
smear_typ      = gauss
e_temp         = 0.001 # Ha
conv_thr       = 5e-09 # Ha
maxiter        = 100
diago_thr_init = 0.005
mix_beta       = 0.7
mix_dim        = 8
ret_vxc        = False
dftconfig      = DFTConfig(
                      symm_check_supercell = True,
                      symm_use_all_frac = False,
                      spglib_symprec = 1e-05,
                      eigsolve_method = 'davidson',
                      davidson_maxiter = 20,
                      davidson_numwork = 2,
                      mixing_method = 'modbroyden')
iter_printer   = print_scf_status
kpts           =
    kpt[0]  kpt[1]  kpt[2];  weight
     0.1250  0.1250  0.1250; 0.031250
     0.3750  0.1250  0.1250; 0.093750
     0.6250  0.1250  0.1250; 0.093750
    -0.1250  0.1250  0.1250; 0.093750
     0.3750  0.3750  0.1250; 0.093750
     0.6250  0.3750  0.1250; 0.187500
    -0.1250  0.3750  0.1250; 0.187500
     0.6250  0.6250  0.1250; 0.093750
     0.3750  0.3750  0.3750; 0.031250
     0.6250  0.3750  0.3750; 0.093750

=========================================
Iteration # 1, Run Time:   8.1 sec
Convergence Status   : NOT Converged
SCF Error           : 4.8076e-02 Ry
Avg Diago Iterations: 7.5
Diago Threshold     : 6.01e-04 Ry

Total Energy:          -15.93133764 Ry

      one-el:            4.87406264 Ry
     Hartree:            0.80672099 Ry
          XC:           -4.71236258 Ry
       Ewald:          -16.89975869 Ry

    HO Level:            5.72269776 eV
----------------------------------------

Iteration # 2, Run Time:   8.6 sec
Convergence Status   : NOT Converged
SCF Error           : 5.3845e-02 Ry
Avg Diago Iterations: 3.7
Diago Threshold     : 6.01e-04 Ry

Total Energy:          -15.96361897 Ry

      one-el:            4.84178131 Ry
     Hartree:            0.80672099 Ry
          XC:           -4.71236258 Ry
       Ewald:          -16.89975869 Ry

    HO Level:            5.62509504 eV
----------------------------------------

Iteration # 3, Run Time:   8.8 sec
Convergence Status   : NOT Converged
SCF Error           : 2.3583e-03 Ry
Avg Diago Iterations: 1.0
Diago Threshold     : 2.95e-05 Ry

Total Energy:          -15.78615922 Ry

      one-el:            4.87832722 Ry
     Hartree:            1.04805239 Ry
          XC:           -4.81278014 Ry
       Ewald:          -16.89975869 Ry

    HO Level:            6.07941274 eV
----------------------------------------

Iteration # 4, Run Time:   9.2 sec
Convergence Status   : NOT Converged
SCF Error           : 5.2674e-05 Ry
Avg Diago Iterations: 3.4
Diago Threshold     : 6.58e-07 Ry

Total Energy:          -15.75602533 Ry

      one-el:            4.88779527 Ry
     Hartree:            1.09287684 Ry
          XC:           -4.83693875 Ry
       Ewald:          -16.89975869 Ry

    HO Level:            6.15161324 eV
----------------------------------------

Iteration # 5, Run Time:   9.7 sec
Convergence Status   : NOT Converged
SCF Error           : 1.1023e-06 Ry
Avg Diago Iterations: 4.2
Diago Threshold     : 1.38e-08 Ry

Total Energy:          -15.76372933 Ry

      one-el:            4.88666313 Ry
     Hartree:            1.08327153 Ry
          XC:           -4.83390530 Ry
       Ewald:          -16.89975869 Ry

    HO Level:            6.13255993 eV
----------------------------------------

Iteration # 6, Run Time:  10.2 sec
Convergence Status   : NOT Converged
SCF Error           : 9.8242e-08 Ry
Avg Diago Iterations: 4.6
Diago Threshold     : 1.23e-09 Ry

Total Energy:          -15.76241100 Ry

      one-el:            4.88695851 Ry
     Hartree:            1.08520476 Ry
          XC:           -4.83481556 Ry
       Ewald:          -16.89975869 Ry

    HO Level:            6.13584509 eV
----------------------------------------

Iteration # 7, Run Time:  10.6 sec
Convergence Status   :  Converged
SCF Error           : 7.3960e-10 Ry
Avg Diago Iterations: 2.7
Diago Threshold     : 1.23e-09 Ry

Total Energy:          -15.76267963 Ry

      one-el:            4.88691043 Ry
     Hartree:            1.08477999 Ry
          XC:           -4.83461135 Ry
       Ewald:          -16.89975869 Ry

    HO Level:            6.13509500 eV
----------------------------------------

SCF Converged.
SCF Routine has exited
                          TIMERS                           
-----------------------------------------------------------
|            LABEL             |  CALL  |  TIME  | STATUS  |
-----------------------------------------------------------
|           scf:scf            |       1|   10.79| STOPPED |
|     rho_generate_atomic      |       1|    0.17| STOPPED |
|         loc_generate         |       1|    0.17| STOPPED |
|          nloc:init           |       1|    2.93| STOPPED |
|          xc_compute          |       7|    0.09| STOPPED |
|       nloc:gen_vkb_dij       |      10|    0.16| STOPPED |
|           davidson           |      70|    3.03| STOPPED |
|    davidson:compute_hpsi     |     341|    0.82| STOPPED |
|         KSHam:h_psi          |     341|    0.77| STOPPED |
|     davidson:update_red      |     341|    0.13| STOPPED |
|     davidson:expand_psi      |     271|    1.41| STOPPED |
|     davidson:apply_g_psi     |     271|    0.44| STOPPED |
-----------------------------------------------------------


